Log file open, 10/14/20 20:52:14
LogWindows: Failed to load 'aqProf.dll' (GetLastError=126)
LogWindows: File 'aqProf.dll' does not exist
LogWindows: Failed to load 'VtuneApi.dll' (GetLastError=126)
LogWindows: File 'VtuneApi.dll' does not exist
LogWindows: Failed to load 'VtuneApi32e.dll' (GetLastError=126)
LogWindows: File 'VtuneApi32e.dll' does not exist
LogConsoleResponse: Display: Failed to find resolution value strings in scalability ini. Falling back to default.
LogInit: Display: Running engine for game: Homework3
LogPakFile: Registered encryption key '00000000000000000000000000000000': 0 pak files mounted, 0 remain pending
LogPlatformFile: Not using cached read wrapper
LogTaskGraph: Started task graph with 5 named threads and 23 total threads with 3 sets of task threads.
LogStats: Stats thread started at 0.272203
LogD3D11RHI: Loaded GFSDK_Aftermath_Lib.x64.dll
LogICUInternationalization: ICU TimeZone Detection - Raw Offset: -5:00, Platform Override: ''
LogPluginManager: Mounting plugin Paper2D
LogPluginManager: Mounting plugin AISupport
LogPluginManager: Mounting plugin LightPropagationVolume
LogPluginManager: Mounting plugin ActorLayerUtilities
LogPluginManager: Mounting plugin AnimationSharing
LogPluginManager: Mounting plugin CLionSourceCodeAccess
LogPluginManager: Mounting plugin CodeLiteSourceCodeAccess
LogPluginManager: Mounting plugin GitSourceControl
LogPluginManager: Mounting plugin KDevelopSourceCodeAccess
LogPluginManager: Mounting plugin NullSourceCodeAccess
LogPluginManager: Mounting plugin PerforceSourceControl
LogPluginManager: Mounting plugin SubversionSourceControl
LogPluginManager: Mounting plugin UObjectPlugin
LogPluginManager: Mounting plugin VisualStudioCodeSourceCodeAccess
LogPluginManager: Mounting plugin VisualStudioSourceCodeAccess
LogPluginManager: Mounting plugin XCodeSourceCodeAccess
LogPluginManager: Mounting plugin AssetManagerEditor
LogPluginManager: Mounting plugin CryptoKeys
LogPluginManager: Mounting plugin DataValidation
LogPluginManager: Mounting plugin FacialAnimation
LogPluginManager: Mounting plugin GameplayTagsEditor
LogPluginManager: Mounting plugin MacGraphicsSwitching
LogPluginManager: Mounting plugin MaterialAnalyzer
LogPluginManager: Mounting plugin MobileLauncherProfileWizard
LogPluginManager: Mounting plugin PluginBrowser
LogPluginManager: Mounting plugin SpeedTreeImporter
LogPluginManager: Mounting plugin DatasmithContent
LogPluginManager: Mounting plugin VariantManagerContent
LogPluginManager: Mounting plugin AlembicImporter
LogPluginManager: Mounting plugin AppleImageUtils
LogPluginManager: Mounting plugin AppleVision
LogPluginManager: Mounting plugin BackChannel
LogPluginManager: Mounting plugin CharacterAI
LogPluginManager: Mounting plugin GeometryCache
LogPluginManager: Mounting plugin HTML5Networking
LogPluginManager: Mounting plugin ProxyLODPlugin
LogPluginManager: Mounting plugin SkeletalReduction
LogPluginManager: Mounting plugin MagicLeap
LogPluginManager: Mounting plugin MagicLeapMedia
LogPluginManager: Mounting plugin AndroidMedia
LogPluginManager: Mounting plugin AvfMedia
LogPluginManager: Mounting plugin ImgMedia
LogPluginManager: Mounting plugin LinearTimecode
LogPluginManager: Mounting plugin MediaCompositing
LogPluginManager: Mounting plugin MediaPlayerEditor
LogPluginManager: Mounting plugin WebMMedia
LogPluginManager: Mounting plugin WmfMedia
LogPluginManager: Mounting plugin TcpMessaging
LogPluginManager: Mounting plugin UdpMessaging
LogPluginManager: Mounting plugin ActorSequence
LogPluginManager: Mounting plugin LevelSequenceEditor
LogPluginManager: Mounting plugin MatineeToLevelSequence
LogPluginManager: Mounting plugin NetcodeUnitTest
LogPluginManager: Mounting plugin NUTUnrealEngine4
LogPluginManager: Mounting plugin OnlineSubsystemGooglePlay
LogPluginManager: Mounting plugin OnlineSubsystemIOS
LogPluginManager: Mounting plugin OnlineSubsystem
LogPluginManager: Mounting plugin OnlineSubsystemNull
LogPluginManager: Mounting plugin OnlineSubsystemUtils
LogPluginManager: Mounting plugin LauncherChunkInstaller
LogPluginManager: Mounting plugin AndroidDeviceProfileSelector
LogPluginManager: Mounting plugin AndroidMoviePlayer
LogPluginManager: Mounting plugin AndroidPermission
LogPluginManager: Mounting plugin AppleMoviePlayer
LogPluginManager: Mounting plugin ArchVisCharacter
LogPluginManager: Mounting plugin AudioCapture
LogPluginManager: Mounting plugin CableComponent
LogPluginManager: Mounting plugin CustomMeshComponent
LogPluginManager: Mounting plugin EditableMesh
LogPluginManager: Mounting plugin ExampleDeviceProfileSelector
LogPluginManager: Mounting plugin Firebase
LogPluginManager: Mounting plugin GoogleCloudMessaging
LogPluginManager: Mounting plugin IOSDeviceProfileSelector
LogPluginManager: Mounting plugin LinuxDeviceProfileSelector
LogPluginManager: Mounting plugin LocationServicesBPLibrary
LogPluginManager: Mounting plugin MobilePatchingUtils
LogPluginManager: Mounting plugin OculusVR
LogPluginManager: Mounting plugin PhysXVehicles
LogPluginManager: Mounting plugin ProceduralMeshComponent
LogPluginManager: Mounting plugin RuntimePhysXCooking
LogPluginManager: Mounting plugin SignificanceManager
LogPluginManager: Mounting plugin SteamVR
LogPluginManager: Mounting plugin WebMMoviePlayer
LogPluginManager: Mounting plugin WindowsMoviePlayer
LogInit: Using libcurl 7.55.1-DEV
LogInit:  - built for x86_64-pc-win32
LogInit:  - supports SSL with OpenSSL/1.1.1
LogInit:  - supports HTTP deflate (compression) using libz 1.2.8
LogInit:  - other features:
LogInit:      CURL_VERSION_SSL
LogInit:      CURL_VERSION_LIBZ
LogInit:      CURL_VERSION_IPV6
LogInit:      CURL_VERSION_ASYNCHDNS
LogInit:      CURL_VERSION_LARGEFILE
LogInit:      CURL_VERSION_IDN
LogInit:  CurlRequestOptions (configurable via config and command line):
LogInit:  - bVerifyPeer = true  - Libcurl will verify peer certificate
LogInit:  - bUseHttpProxy = false  - Libcurl will NOT use HTTP proxy
LogInit:  - bDontReuseConnections = false  - Libcurl will reuse connections
LogInit:  - MaxHostConnections = 16  - Libcurl will limit the number of connections to a host
LogInit:  - LocalHostAddr = Default
LogInit:  - BufferSize = 65536
LogInit: WinSock: version 1.1 (2.2), MaxSocks=32767, MaxUdp=65467
LogInit: Build: ++UE4+Release-4.22-CL-7053642
LogInit: Engine Version: 4.22.3-7053642+++UE4+Release-4.22
LogInit: Compatible Engine Version: 4.22.0-5660361+++UE4+Release-4.22
LogInit: Net CL: 5660361
LogInit: OS: Windows 10 (Release 1909) (), CPU: Intel(R) Core(TM) i7-7700HQ CPU @ 2.80GHz, GPU: Intel(R) HD Graphics 630
LogInit: Compiled (64-bit): Jun 18 2019 03:09:11
LogInit: Compiled with Visual C++: 19.16.27025.01
LogInit: Build Configuration: Development
LogInit: Branch Name: ++UE4+Release-4.22
LogInit: Command Line: 
LogInit: Base Directory: D:/UE_4.22/Engine/Binaries/Win64/
LogInit: Installed Engine Build: 1
LogDevObjectVersion: Number of dev versions registered: 23
LogDevObjectVersion:   Dev-Blueprints (B0D832E4-1F89-4F0D-ACCF-7EB736FD4AA2): 10
LogDevObjectVersion:   Dev-Build (E1C64328-A22C-4D53-A36C-8E866417BD8C): 0
LogDevObjectVersion:   Dev-Core (375EC13C-06E4-48FB-B500-84F0262A717E): 3
LogDevObjectVersion:   Dev-Editor (E4B068ED-F494-42E9-A231-DA0B2E46BB41): 30
LogDevObjectVersion:   Dev-Framework (CFFC743F-43B0-4480-9391-14DF171D2073): 35
LogDevObjectVersion:   Dev-Mobile (B02B49B5-BB20-44E9-A304-32B752E40360): 2
LogDevObjectVersion:   Dev-Networking (A4E4105C-59A1-49B5-A7C5-40C4547EDFEE): 0
LogDevObjectVersion:   Dev-Online (39C831C9-5AE6-47DC-9A44-9C173E1C8E7C): 0
LogDevObjectVersion:   Dev-Physics (78F01B33-EBEA-4F98-B9B4-84EACCB95AA2): 0
LogDevObjectVersion:   Dev-Platform (6631380F-2D4D-43E0-8009-CF276956A95A): 0
LogDevObjectVersion:   Dev-Rendering (12F88B9F-8875-4AFC-A67C-D90C383ABD29): 28
LogDevObjectVersion:   Dev-Sequencer (7B5AE74C-D270-4C10-A958-57980B212A5A): 11
LogDevObjectVersion:   Dev-VR (D7296918-1DD6-4BDD-9DE2-64A83CC13884): 2
LogDevObjectVersion:   Dev-LoadTimes (C2A15278-BFE7-4AFE-6C17-90FF531DF755): 1
LogDevObjectVersion:   Private-Geometry (6EACA3D4-40EC-4CC1-B786-8BED09428FC5): 3
LogDevObjectVersion:   Dev-AnimPhys (29E575DD-E0A3-4627-9D10-D276232CDCEA): 17
LogDevObjectVersion:   Dev-Anim (AF43A65D-7FD3-4947-9873-3E8ED9C1BB05): 2
LogDevObjectVersion:   Dev-ReflectionCapture (6B266CEC-1EC7-4B8F-A30B-E4D90942FC07): 1
LogDevObjectVersion:   Dev-Automation (0DF73D61-A23F-47EA-B727-89E90C41499A): 1
LogDevObjectVersion:   FortniteMain (601D1886-AC64-4F84-AA16-D3DE0DEAC7D6): 25
LogDevObjectVersion:   Dev-Enterprise (9DFFBCD6-494F-0158-E221-12823C92A888): 6
LogDevObjectVersion:   Dev-Niagara (F2AED0AC-9AFE-416F-8664-AA7FFA26D6FC): 1
LogDevObjectVersion:   Dev-Destruction (174F1F0B-B4C6-45A5-B13F-2EE8D0FB917D): 2
LogInit: Presizing for max 16777216 objects, including 0 objects not considered by GC, pre-allocating 0 bytes for permanent pool.
LogInit: Object subsystem initialized
LogConfig: Setting CVar [[con.DebugEarlyDefault:1]]
LogConfig: Setting CVar [[r.setres:1280x720]]
[2020.10.15-00.52.14:669][  0]LogConfig: Setting CVar [[r.VSync:0]]
[2020.10.15-00.52.14:669][  0]LogConfig: Setting CVar [[r.RHICmdBypass:0]]
[2020.10.15-00.52.14:669][  0]LogConfig: Applying CVar settings from Section [/Script/Engine.RendererSettings] File [E:/UnrealGit/Homework3-Group/Homework3/Homework3/Saved/Config/Windows/Engine.ini]
[2020.10.15-00.52.14:669][  0]LogConfig: Setting CVar [[r.GPUCrashDebugging:0]]
[2020.10.15-00.52.14:669][  0]LogConfig: Applying CVar settings from Section [/Script/Engine.RendererOverrideSettings] File [E:/UnrealGit/Homework3-Group/Homework3/Homework3/Saved/Config/Windows/Engine.ini]
[2020.10.15-00.52.14:669][  0]LogConfig: Applying CVar settings from Section [/Script/Engine.StreamingSettings] File [E:/UnrealGit/Homework3-Group/Homework3/Homework3/Saved/Config/Windows/Engine.ini]
[2020.10.15-00.52.14:669][  0]LogConfig: Setting CVar [[s.MinBulkDataSizeForAsyncLoading:131072]]
[2020.10.15-00.52.14:669][  0]LogConfig: Setting CVar [[s.AsyncLoadingThreadEnabled:0]]
[2020.10.15-00.52.14:669][  0]LogConfig: Setting CVar [[s.EventDrivenLoaderEnabled:1]]
[2020.10.15-00.52.14:669][  0]LogConfig: Setting CVar [[s.WarnIfTimeLimitExceeded:0]]
[2020.10.15-00.52.14:669][  0]LogConfig: Setting CVar [[s.TimeLimitExceededMultiplier:1.5]]
[2020.10.15-00.52.14:669][  0]LogConfig: Setting CVar [[s.TimeLimitExceededMinTime:0.005]]
[2020.10.15-00.52.14:669][  0]LogConfig: Setting CVar [[s.UseBackgroundLevelStreaming:1]]
[2020.10.15-00.52.14:669][  0]LogConfig: Setting CVar [[s.PriorityAsyncLoadingExtraTime:15.0]]
[2020.10.15-00.52.14:669][  0]LogConfig: Setting CVar [[s.LevelStreamingActorsUpdateTimeLimit:5.0]]
[2020.10.15-00.52.14:669][  0]LogConfig: Setting CVar [[s.PriorityLevelStreamingActorsUpdateExtraTime:5.0]]
[2020.10.15-00.52.14:669][  0]LogConfig: Setting CVar [[s.LevelStreamingComponentsRegistrationGranularity:10]]
[2020.10.15-00.52.14:669][  0]LogConfig: Setting CVar [[s.UnregisterComponentsTimeLimit:1.0]]
[2020.10.15-00.52.14:669][  0]LogConfig: Setting CVar [[s.LevelStreamingComponentsUnregistrationGranularity:5]]
[2020.10.15-00.52.14:669][  0]LogConfig: Applying CVar settings from Section [/Script/Engine.GarbageCollectionSettings] File [E:/UnrealGit/Homework3-Group/Homework3/Homework3/Saved/Config/Windows/Engine.ini]
[2020.10.15-00.52.14:669][  0]LogConfig: Setting CVar [[gc.MaxObjectsNotConsideredByGC:1]]
[2020.10.15-00.52.14:669][  0]LogConfig: Setting CVar [[gc.SizeOfPermanentObjectPool:0]]
[2020.10.15-00.52.14:669][  0]LogConfig: Setting CVar [[gc.FlushStreamingOnGC:0]]
[2020.10.15-00.52.14:669][  0]LogConfig: Setting CVar [[gc.NumRetriesBeforeForcingGC:10]]
[2020.10.15-00.52.14:669][  0]LogConfig: Setting CVar [[gc.AllowParallelGC:1]]
[2020.10.15-00.52.14:669][  0]LogConfig: Setting CVar [[gc.TimeBetweenPurgingPendingKillObjects:61.1]]
[2020.10.15-00.52.14:669][  0]LogConfig: Setting CVar [[gc.MaxObjectsInEditor:16777216]]
[2020.10.15-00.52.14:669][  0]LogConfig: Setting CVar [[gc.IncrementalBeginDestroyEnabled:1]]
[2020.10.15-00.52.14:669][  0]LogConfig: Setting CVar [[gc.CreateGCClusters:1]]
[2020.10.15-00.52.14:669][  0]LogConfig: Setting CVar [[gc.MinGCClusterSize:5]]
[2020.10.15-00.52.14:669][  0]LogConfig: Setting CVar [[gc.ActorClusteringEnabled:0]]
[2020.10.15-00.52.14:669][  0]LogConfig: Setting CVar [[gc.BlueprintClusteringEnabled:0]]
[2020.10.15-00.52.14:669][  0]LogConfig: Setting CVar [[gc.UseDisregardForGCOnDedicatedServers:0]]
[2020.10.15-00.52.14:669][  0]LogConfig: Applying CVar settings from Section [/Script/Engine.NetworkSettings] File [E:/UnrealGit/Homework3-Group/Homework3/Homework3/Saved/Config/Windows/Engine.ini]
[2020.10.15-00.52.14:669][  0]LogConfig: Applying CVar settings from Section [/Script/UnrealEd.CookerSettings] File [E:/UnrealGit/Homework3-Group/Homework3/Homework3/Saved/Config/Windows/Engine.ini]
[2020.10.15-00.52.14:675][  0]LogConfig: Applying CVar settings from Section [ViewDistanceQuality@3] File [E:/UnrealGit/Homework3-Group/Homework3/Homework3/Saved/Config/Windows/Scalability.ini]
[2020.10.15-00.52.14:675][  0]LogConfig: Setting CVar [[r.SkeletalMeshLODBias:0]]
[2020.10.15-00.52.14:675][  0]LogConfig: Setting CVar [[r.ViewDistanceScale:1.0]]
[2020.10.15-00.52.14:675][  0]LogConfig: Applying CVar settings from Section [AntiAliasingQuality@3] File [E:/UnrealGit/Homework3-Group/Homework3/Homework3/Saved/Config/Windows/Scalability.ini]
[2020.10.15-00.52.14:675][  0]LogConfig: Setting CVar [[r.PostProcessAAQuality:4]]
[2020.10.15-00.52.14:675][  0]LogConfig: Applying CVar settings from Section [ShadowQuality@3] File [E:/UnrealGit/Homework3-Group/Homework3/Homework3/Saved/Config/Windows/Scalability.ini]
[2020.10.15-00.52.14:675][  0]LogConfig: Setting CVar [[r.LightFunctionQuality:1]]
[2020.10.15-00.52.14:675][  0]LogConfig: Setting CVar [[r.ShadowQuality:5]]
[2020.10.15-00.52.14:675][  0]LogConfig: Setting CVar [[r.Shadow.CSM.MaxCascades:10]]
[2020.10.15-00.52.14:675][  0]LogConfig: Setting CVar [[r.Shadow.MaxResolution:2048]]
[2020.10.15-00.52.14:675][  0]LogConfig: Setting CVar [[r.Shadow.MaxCSMResolution:2048]]
[2020.10.15-00.52.14:675][  0]LogConfig: Setting CVar [[r.Shadow.RadiusThreshold:0.01]]
[2020.10.15-00.52.14:675][  0]LogConfig: Setting CVar [[r.Shadow.DistanceScale:1.0]]
[2020.10.15-00.52.14:675][  0]LogConfig: Setting CVar [[r.Shadow.CSM.TransitionScale:1.0]]
[2020.10.15-00.52.14:675][  0]LogConfig: Setting CVar [[r.Shadow.PreShadowResolutionFactor:1.0]]
[2020.10.15-00.52.14:675][  0]LogConfig: Setting CVar [[r.DistanceFieldShadowing:1]]
[2020.10.15-00.52.14:675][  0]LogConfig: Setting CVar [[r.DistanceFieldAO:1]]
[2020.10.15-00.52.14:675][  0]LogConfig: Setting CVar [[r.AOQuality:2]]
[2020.10.15-00.52.14:675][  0]LogConfig: Setting CVar [[r.VolumetricFog:1]]
[2020.10.15-00.52.14:675][  0]LogConfig: Setting CVar [[r.VolumetricFog.GridPixelSize:8]]
[2020.10.15-00.52.14:675][  0]LogConfig: Setting CVar [[r.VolumetricFog.GridSizeZ:128]]
[2020.10.15-00.52.14:675][  0]LogConfig: Setting CVar [[r.VolumetricFog.HistoryMissSupersampleCount:4]]
[2020.10.15-00.52.14:675][  0]LogConfig: Setting CVar [[r.LightMaxDrawDistanceScale:1]]
[2020.10.15-00.52.14:675][  0]LogConfig: Setting CVar [[r.CapsuleShadows:1]]
[2020.10.15-00.52.14:675][  0]LogConfig: Applying CVar settings from Section [PostProcessQuality@3] File [E:/UnrealGit/Homework3-Group/Homework3/Homework3/Saved/Config/Windows/Scalability.ini]
[2020.10.15-00.52.14:675][  0]LogConfig: Setting CVar [[r.MotionBlurQuality:4]]
[2020.10.15-00.52.14:675][  0]LogConfig: Setting CVar [[r.AmbientOcclusionMipLevelFactor:0.4]]
[2020.10.15-00.52.14:675][  0]LogConfig: Setting CVar [[r.AmbientOcclusionMaxQuality:100]]
[2020.10.15-00.52.14:675][  0]LogConfig: Setting CVar [[r.AmbientOcclusionLevels:-1]]
[2020.10.15-00.52.14:675][  0]LogConfig: Setting CVar [[r.AmbientOcclusionRadiusScale:1.0]]
[2020.10.15-00.52.14:675][  0]LogConfig: Setting CVar [[r.DepthOfFieldQuality:2]]
[2020.10.15-00.52.14:675][  0]LogConfig: Setting CVar [[r.RenderTargetPoolMin:400]]
[2020.10.15-00.52.14:675][  0]LogConfig: Setting CVar [[r.LensFlareQuality:2]]
[2020.10.15-00.52.14:675][  0]LogConfig: Setting CVar [[r.SceneColorFringeQuality:1]]
[2020.10.15-00.52.14:675][  0]LogConfig: Setting CVar [[r.EyeAdaptationQuality:2]]
[2020.10.15-00.52.14:675][  0]LogConfig: Setting CVar [[r.BloomQuality:5]]
[2020.10.15-00.52.14:675][  0]LogConfig: Setting CVar [[r.FastBlurThreshold:100]]
[2020.10.15-00.52.14:675][  0]LogConfig: Setting CVar [[r.Upscale.Quality:3]]
[2020.10.15-00.52.14:675][  0]LogConfig: Setting CVar [[r.Tonemapper.GrainQuantization:1]]
[2020.10.15-00.52.14:675][  0]LogConfig: Setting CVar [[r.LightShaftQuality:1]]
[2020.10.15-00.52.14:675][  0]LogConfig: Setting CVar [[r.Filter.SizeScale:1]]
[2020.10.15-00.52.14:675][  0]LogConfig: Setting CVar [[r.Tonemapper.Quality:5]]
[2020.10.15-00.52.14:675][  0]LogConfig: Setting CVar [[r.DOF.Gather.AccumulatorQuality:1        ; higher gathering accumulator quality]]
[2020.10.15-00.52.14:675][  0]LogConfig: Setting CVar [[r.DOF.Gather.PostfilterMethod:1          ; Median3x3 postfilering method]]
[2020.10.15-00.52.14:675][  0]LogConfig: Setting CVar [[r.DOF.Gather.EnableBokehSettings:0       ; no bokeh simulation when gathering]]
[2020.10.15-00.52.14:675][  0]LogConfig: Setting CVar [[r.DOF.Gather.RingCount:4                 ; medium number of samples when gathering]]
[2020.10.15-00.52.14:675][  0]LogConfig: Setting CVar [[r.DOF.Scatter.ForegroundCompositing:1    ; additive foreground scattering]]
[2020.10.15-00.52.14:675][  0]LogConfig: Setting CVar [[r.DOF.Scatter.BackgroundCompositing:2    ; additive background scattering]]
[2020.10.15-00.52.14:675][  0]LogConfig: Setting CVar [[r.DOF.Scatter.EnableBokehSettings:1      ; bokeh simulation when scattering]]
[2020.10.15-00.52.14:675][  0]LogConfig: Setting CVar [[r.DOF.Scatter.MaxSpriteRatio:0.1         ; only a maximum of 10% of scattered bokeh]]
[2020.10.15-00.52.14:675][  0]LogConfig: Setting CVar [[r.DOF.Recombine.Quality:1                ; cheap slight out of focus]]
[2020.10.15-00.52.14:675][  0]LogConfig: Setting CVar [[r.DOF.Recombine.EnableBokehSettings:0    ; no bokeh simulation on slight out of focus]]
[2020.10.15-00.52.14:675][  0]LogConfig: Setting CVar [[r.DOF.TemporalAAQuality:1                ; more stable temporal accumulation]]
[2020.10.15-00.52.14:675][  0]LogConfig: Setting CVar [[r.DOF.Kernel.MaxForegroundRadius:0.025]]
[2020.10.15-00.52.14:675][  0]LogConfig: Setting CVar [[r.DOF.Kernel.MaxBackgroundRadius:0.025]]
[2020.10.15-00.52.14:675][  0]LogConfig: Applying CVar settings from Section [TextureQuality@3] File [E:/UnrealGit/Homework3-Group/Homework3/Homework3/Saved/Config/Windows/Scalability.ini]
[2020.10.15-00.52.14:675][  0]LogConfig: Setting CVar [[r.Streaming.MipBias:0]]
[2020.10.15-00.52.14:675][  0]LogConfig: Setting CVar [[r.Streaming.AmortizeCPUToGPUCopy:0]]
[2020.10.15-00.52.14:675][  0]LogConfig: Setting CVar [[r.Streaming.MaxNumTexturesToStreamPerFrame:0]]
[2020.10.15-00.52.14:675][  0]LogConfig: Setting CVar [[r.Streaming.Boost:1]]
[2020.10.15-00.52.14:675][  0]LogConfig: Setting CVar [[r.MaxAnisotropy:8]]
[2020.10.15-00.52.14:675][  0]LogConfig: Setting CVar [[r.Streaming.LimitPoolSizeToVRAM:0]]
[2020.10.15-00.52.14:675][  0]LogConfig: Setting CVar [[r.Streaming.PoolSize:1000]]
[2020.10.15-00.52.14:675][  0]LogConfig: Setting CVar [[r.Streaming.MaxEffectiveScreenSize:0]]
[2020.10.15-00.52.14:675][  0]LogConfig: Applying CVar settings from Section [EffectsQuality@3] File [E:/UnrealGit/Homework3-Group/Homework3/Homework3/Saved/Config/Windows/Scalability.ini]
[2020.10.15-00.52.14:675][  0]LogConfig: Setting CVar [[r.TranslucencyLightingVolumeDim:64]]
[2020.10.15-00.52.14:675][  0]LogConfig: Setting CVar [[r.RefractionQuality:2]]
[2020.10.15-00.52.14:675][  0]LogConfig: Setting CVar [[r.SSR.Quality:3]]
[2020.10.15-00.52.14:675][  0]LogConfig: Setting CVar [[r.SceneColorFormat:4]]
[2020.10.15-00.52.14:675][  0]LogConfig: Setting CVar [[r.DetailMode:2]]
[2020.10.15-00.52.14:675][  0]LogConfig: Setting CVar [[r.TranslucencyVolumeBlur:1]]
[2020.10.15-00.52.14:676][  0]LogConfig: Setting CVar [[r.MaterialQualityLevel:1 ; High quality]]
[2020.10.15-00.52.14:676][  0]LogConfig: Setting CVar [[r.SSS.Scale:1]]
[2020.10.15-00.52.14:676][  0]LogConfig: Setting CVar [[r.SSS.SampleSet:2]]
[2020.10.15-00.52.14:676][  0]LogConfig: Setting CVar [[r.SSS.Quality:1]]
[2020.10.15-00.52.14:676][  0]LogConfig: Setting CVar [[r.SSS.HalfRes:1]]
[2020.10.15-00.52.14:676][  0]LogConfig: Setting CVar [[r.EmitterSpawnRateScale:1.0]]
[2020.10.15-00.52.14:676][  0]LogConfig: Setting CVar [[r.ParticleLightQuality:2]]
[2020.10.15-00.52.14:676][  0]LogConfig: Applying CVar settings from Section [FoliageQuality@3] File [E:/UnrealGit/Homework3-Group/Homework3/Homework3/Saved/Config/Windows/Scalability.ini]
[2020.10.15-00.52.14:676][  0]LogConfig: Setting CVar [[foliage.DensityScale:1.0]]
[2020.10.15-00.52.14:676][  0]LogConfig: Setting CVar [[grass.DensityScale:1.0]]
[2020.10.15-00.52.14:676][  0]LogInit: Selected Device Profile: [Windows]
[2020.10.15-00.52.14:676][  0]LogInit: Applying CVar settings loaded from the selected device profile: [Windows]
[2020.10.15-00.52.14:683][  0]LogHAL: Display: Platform has ~ 8 GB [8506167296 / 8589934592 / 8], which maps to Default [LargestMinGB=32, LargerMinGB=12, DefaultMinGB=8, SmallerMinGB=6, SmallestMinGB=0)
[2020.10.15-00.52.14:683][  0]LogConfig: Setting CVar [[r.Vulkan.UseRealUBs:0		; Required until we fix HLR fall-out]]
[2020.10.15-00.52.14:683][  0]LogInit: Going up to parent DeviceProfile []
[2020.10.15-00.52.14:683][  0]LogConfig: Applying CVar settings from Section [ViewDistanceQuality@3] File [E:/UnrealGit/Homework3-Group/Homework3/Homework3/Saved/Config/Windows/Scalability.ini]
[2020.10.15-00.52.14:683][  0]LogConfig: Setting CVar [[r.SkeletalMeshLODBias:0]]
[2020.10.15-00.52.14:683][  0]LogConfig: Setting CVar [[r.ViewDistanceScale:1.0]]
[2020.10.15-00.52.14:683][  0]LogConfig: Applying CVar settings from Section [AntiAliasingQuality@3] File [E:/UnrealGit/Homework3-Group/Homework3/Homework3/Saved/Config/Windows/Scalability.ini]
[2020.10.15-00.52.14:683][  0]LogConfig: Setting CVar [[r.PostProcessAAQuality:4]]
[2020.10.15-00.52.14:683][  0]LogConfig: Applying CVar settings from Section [ShadowQuality@3] File [E:/UnrealGit/Homework3-Group/Homework3/Homework3/Saved/Config/Windows/Scalability.ini]
[2020.10.15-00.52.14:683][  0]LogConfig: Setting CVar [[r.LightFunctionQuality:1]]
[2020.10.15-00.52.14:683][  0]LogConfig: Setting CVar [[r.ShadowQuality:5]]
[2020.10.15-00.52.14:683][  0]LogConfig: Setting CVar [[r.Shadow.CSM.MaxCascades:10]]
[2020.10.15-00.52.14:683][  0]LogConfig: Setting CVar [[r.Shadow.MaxResolution:2048]]
[2020.10.15-00.52.14:683][  0]LogConfig: Setting CVar [[r.Shadow.MaxCSMResolution:2048]]
[2020.10.15-00.52.14:683][  0]LogConfig: Setting CVar [[r.Shadow.RadiusThreshold:0.01]]
[2020.10.15-00.52.14:683][  0]LogConfig: Setting CVar [[r.Shadow.DistanceScale:1.0]]
[2020.10.15-00.52.14:683][  0]LogConfig: Setting CVar [[r.Shadow.CSM.TransitionScale:1.0]]
[2020.10.15-00.52.14:683][  0]LogConfig: Setting CVar [[r.Shadow.PreShadowResolutionFactor:1.0]]
[2020.10.15-00.52.14:683][  0]LogConfig: Setting CVar [[r.DistanceFieldShadowing:1]]
[2020.10.15-00.52.14:683][  0]LogConfig: Setting CVar [[r.DistanceFieldAO:1]]
[2020.10.15-00.52.14:683][  0]LogConfig: Setting CVar [[r.AOQuality:2]]
[2020.10.15-00.52.14:683][  0]LogConfig: Setting CVar [[r.VolumetricFog:1]]
[2020.10.15-00.52.14:683][  0]LogConfig: Setting CVar [[r.VolumetricFog.GridPixelSize:8]]
[2020.10.15-00.52.14:683][  0]LogConfig: Setting CVar [[r.VolumetricFog.GridSizeZ:128]]
[2020.10.15-00.52.14:683][  0]LogConfig: Setting CVar [[r.VolumetricFog.HistoryMissSupersampleCount:4]]
[2020.10.15-00.52.14:683][  0]LogConfig: Setting CVar [[r.LightMaxDrawDistanceScale:1]]
[2020.10.15-00.52.14:683][  0]LogConfig: Setting CVar [[r.CapsuleShadows:1]]
[2020.10.15-00.52.14:683][  0]LogConfig: Applying CVar settings from Section [PostProcessQuality@3] File [E:/UnrealGit/Homework3-Group/Homework3/Homework3/Saved/Config/Windows/Scalability.ini]
[2020.10.15-00.52.14:683][  0]LogConfig: Setting CVar [[r.MotionBlurQuality:4]]
[2020.10.15-00.52.14:683][  0]LogConfig: Setting CVar [[r.AmbientOcclusionMipLevelFactor:0.4]]
[2020.10.15-00.52.14:683][  0]LogConfig: Setting CVar [[r.AmbientOcclusionMaxQuality:100]]
[2020.10.15-00.52.14:683][  0]LogConfig: Setting CVar [[r.AmbientOcclusionLevels:-1]]
[2020.10.15-00.52.14:683][  0]LogConfig: Setting CVar [[r.AmbientOcclusionRadiusScale:1.0]]
[2020.10.15-00.52.14:683][  0]LogConfig: Setting CVar [[r.DepthOfFieldQuality:2]]
[2020.10.15-00.52.14:683][  0]LogConfig: Setting CVar [[r.RenderTargetPoolMin:400]]
[2020.10.15-00.52.14:683][  0]LogConfig: Setting CVar [[r.LensFlareQuality:2]]
[2020.10.15-00.52.14:683][  0]LogConfig: Setting CVar [[r.SceneColorFringeQuality:1]]
[2020.10.15-00.52.14:683][  0]LogConfig: Setting CVar [[r.EyeAdaptationQuality:2]]
[2020.10.15-00.52.14:683][  0]LogConfig: Setting CVar [[r.BloomQuality:5]]
[2020.10.15-00.52.14:683][  0]LogConfig: Setting CVar [[r.FastBlurThreshold:100]]
[2020.10.15-00.52.14:683][  0]LogConfig: Setting CVar [[r.Upscale.Quality:3]]
[2020.10.15-00.52.14:683][  0]LogConfig: Setting CVar [[r.Tonemapper.GrainQuantization:1]]
[2020.10.15-00.52.14:683][  0]LogConfig: Setting CVar [[r.LightShaftQuality:1]]
[2020.10.15-00.52.14:683][  0]LogConfig: Setting CVar [[r.Filter.SizeScale:1]]
[2020.10.15-00.52.14:683][  0]LogConfig: Setting CVar [[r.Tonemapper.Quality:5]]
[2020.10.15-00.52.14:683][  0]LogConfig: Setting CVar [[r.DOF.Gather.AccumulatorQuality:1        ; higher gathering accumulator quality]]
[2020.10.15-00.52.14:683][  0]LogConfig: Setting CVar [[r.DOF.Gather.PostfilterMethod:1          ; Median3x3 postfilering method]]
[2020.10.15-00.52.14:683][  0]LogConfig: Setting CVar [[r.DOF.Gather.EnableBokehSettings:0       ; no bokeh simulation when gathering]]
[2020.10.15-00.52.14:683][  0]LogConfig: Setting CVar [[r.DOF.Gather.RingCount:4                 ; medium number of samples when gathering]]
[2020.10.15-00.52.14:683][  0]LogConfig: Setting CVar [[r.DOF.Scatter.ForegroundCompositing:1    ; additive foreground scattering]]
[2020.10.15-00.52.14:683][  0]LogConfig: Setting CVar [[r.DOF.Scatter.BackgroundCompositing:2    ; additive background scattering]]
[2020.10.15-00.52.14:683][  0]LogConfig: Setting CVar [[r.DOF.Scatter.EnableBokehSettings:1      ; bokeh simulation when scattering]]
[2020.10.15-00.52.14:683][  0]LogConfig: Setting CVar [[r.DOF.Scatter.MaxSpriteRatio:0.1         ; only a maximum of 10% of scattered bokeh]]
[2020.10.15-00.52.14:683][  0]LogConfig: Setting CVar [[r.DOF.Recombine.Quality:1                ; cheap slight out of focus]]
[2020.10.15-00.52.14:683][  0]LogConfig: Setting CVar [[r.DOF.Recombine.EnableBokehSettings:0    ; no bokeh simulation on slight out of focus]]
[2020.10.15-00.52.14:684][  0]LogConfig: Setting CVar [[r.DOF.TemporalAAQuality:1                ; more stable temporal accumulation]]
[2020.10.15-00.52.14:684][  0]LogConfig: Setting CVar [[r.DOF.Kernel.MaxForegroundRadius:0.025]]
[2020.10.15-00.52.14:684][  0]LogConfig: Setting CVar [[r.DOF.Kernel.MaxBackgroundRadius:0.025]]
[2020.10.15-00.52.14:684][  0]LogConfig: Applying CVar settings from Section [TextureQuality@3] File [E:/UnrealGit/Homework3-Group/Homework3/Homework3/Saved/Config/Windows/Scalability.ini]
[2020.10.15-00.52.14:684][  0]LogConfig: Setting CVar [[r.Streaming.MipBias:0]]
[2020.10.15-00.52.14:684][  0]LogConfig: Setting CVar [[r.Streaming.AmortizeCPUToGPUCopy:0]]
[2020.10.15-00.52.14:684][  0]LogConfig: Setting CVar [[r.Streaming.MaxNumTexturesToStreamPerFrame:0]]
[2020.10.15-00.52.14:684][  0]LogConfig: Setting CVar [[r.Streaming.Boost:1]]
[2020.10.15-00.52.14:684][  0]LogConfig: Setting CVar [[r.MaxAnisotropy:8]]
[2020.10.15-00.52.14:684][  0]LogConfig: Setting CVar [[r.Streaming.LimitPoolSizeToVRAM:0]]
[2020.10.15-00.52.14:684][  0]LogConfig: Setting CVar [[r.Streaming.PoolSize:1000]]
[2020.10.15-00.52.14:684][  0]LogConfig: Setting CVar [[r.Streaming.MaxEffectiveScreenSize:0]]
[2020.10.15-00.52.14:684][  0]LogConfig: Applying CVar settings from Section [EffectsQuality@3] File [E:/UnrealGit/Homework3-Group/Homework3/Homework3/Saved/Config/Windows/Scalability.ini]
[2020.10.15-00.52.14:684][  0]LogConfig: Setting CVar [[r.TranslucencyLightingVolumeDim:64]]
[2020.10.15-00.52.14:684][  0]LogConfig: Setting CVar [[r.RefractionQuality:2]]
[2020.10.15-00.52.14:684][  0]LogConfig: Setting CVar [[r.SSR.Quality:3]]
[2020.10.15-00.52.14:684][  0]LogConfig: Setting CVar [[r.SceneColorFormat:4]]
[2020.10.15-00.52.14:684][  0]LogConfig: Setting CVar [[r.DetailMode:2]]
[2020.10.15-00.52.14:684][  0]LogConfig: Setting CVar [[r.TranslucencyVolumeBlur:1]]
[2020.10.15-00.52.14:684][  0]LogConfig: Setting CVar [[r.MaterialQualityLevel:1 ; High quality]]
[2020.10.15-00.52.14:684][  0]LogConfig: Setting CVar [[r.SSS.Scale:1]]
[2020.10.15-00.52.14:684][  0]LogConfig: Setting CVar [[r.SSS.SampleSet:2]]
[2020.10.15-00.52.14:684][  0]LogConfig: Setting CVar [[r.SSS.Quality:1]]
[2020.10.15-00.52.14:684][  0]LogConfig: Setting CVar [[r.SSS.HalfRes:1]]
[2020.10.15-00.52.14:684][  0]LogConfig: Setting CVar [[r.EmitterSpawnRateScale:1.0]]
[2020.10.15-00.52.14:684][  0]LogConfig: Setting CVar [[r.ParticleLightQuality:2]]
[2020.10.15-00.52.14:684][  0]LogConfig: Applying CVar settings from Section [FoliageQuality@3] File [E:/UnrealGit/Homework3-Group/Homework3/Homework3/Saved/Config/Windows/Scalability.ini]
[2020.10.15-00.52.14:684][  0]LogConfig: Setting CVar [[foliage.DensityScale:1.0]]
[2020.10.15-00.52.14:684][  0]LogConfig: Setting CVar [[grass.DensityScale:1.0]]
[2020.10.15-00.52.14:684][  0]LogConfig: Applying CVar settings from Section [Startup] File [../../../Engine/Config/ConsoleVariables.ini]
[2020.10.15-00.52.14:684][  0]LogConfig: Setting CVar [[net.UseAdaptiveNetUpdateFrequency:0]]
[2020.10.15-00.52.14:684][  0]LogConfig: Setting CVar [[p.chaos.AllowCreatePhysxBodies:1]]
[2020.10.15-00.52.14:684][  0]LogConfig: Applying CVar settings from Section [ConsoleVariables] File [E:/UnrealGit/Homework3-Group/Homework3/Homework3/Saved/Config/Windows/Engine.ini]
[2020.10.15-00.52.14:684][  0]LogInit: Computer: DESKTOP-AR41PVV
[2020.10.15-00.52.14:684][  0]LogInit: User: CutieCutie
[2020.10.15-00.52.14:684][  0]LogInit: CPU Page size=4096, Cores=4
[2020.10.15-00.52.14:684][  0]LogInit: High frequency timer resolution =10.000000 MHz
[2020.10.15-00.52.14:684][  0]LogMemory: Memory total: Physical=7.9GB (8GB approx)
[2020.10.15-00.52.14:684][  0]LogMemory: Platform Memory Stats for Windows
[2020.10.15-00.52.14:684][  0]LogMemory: Process Physical Memory: 96.60 MB used, 96.61 MB peak
[2020.10.15-00.52.14:684][  0]LogMemory: Process Virtual Memory: 90.59 MB used, 90.59 MB peak
[2020.10.15-00.52.14:684][  0]LogMemory: Physical Memory: 5615.27 MB used,  2496.85 MB free, 8112.11 MB total
[2020.10.15-00.52.14:684][  0]LogMemory: Virtual Memory: 4643.85 MB used,  134213088.00 MB free, 134217728.00 MB total
[2020.10.15-00.52.14:699][  0]LogInit: Using OS detected language (en-US).
[2020.10.15-00.52.14:699][  0]LogInit: Using OS detected locale (en-CA).
[2020.10.15-00.52.14:700][  0]LogTextLocalizationManager: No specific localization for 'en-US' exists, so the 'en' localization will be used.
[2020.10.15-00.52.14:853][  0]LogInit: Setting process to per monitor DPI aware
[2020.10.15-00.52.14:893][  0]LogSlate: New Slate User Created.  User Index 0, Is Virtual User: 0
[2020.10.15-00.52.14:893][  0]LogSlate: Slate User Registered.  User Index 0, Is Virtual User: 0
[2020.10.15-00.52.15:089][  0]LogHMD: Failed to initialize OpenVR with code 110
[2020.10.15-00.52.15:089][  0]LogD3D11RHI: D3D11 adapters:
[2020.10.15-00.52.15:790][  0]LogD3D11RHI:    0. 'NVIDIA GeForce GTX 1050' (Feature Level 11_0)
[2020.10.15-00.52.15:790][  0]LogD3D11RHI:       1979/0/4056 MB DedicatedVideo/DedicatedSystem/SharedSystem, Outputs:1, VendorId:0x10de
[2020.10.15-00.52.15:804][  0]LogD3D11RHI:    1. 'Intel(R) HD Graphics 630' (Feature Level 11_0)
[2020.10.15-00.52.15:804][  0]LogD3D11RHI:       128/0/4056 MB DedicatedVideo/DedicatedSystem/SharedSystem, Outputs:0, VendorId:0x8086
[2020.10.15-00.52.15:807][  0]LogD3D11RHI:    2. 'Microsoft Basic Render Driver' (Feature Level 11_0)
[2020.10.15-00.52.15:807][  0]LogD3D11RHI:       0/0/4056 MB DedicatedVideo/DedicatedSystem/SharedSystem, Outputs:0, VendorId:0x1414
[2020.10.15-00.52.15:807][  0]LogD3D11RHI: Chosen D3D11 Adapter: 0
[2020.10.15-00.52.15:836][  0]LogD3D11RHI: Creating new Direct3DDevice
[2020.10.15-00.52.15:836][  0]LogD3D11RHI:     GPU DeviceId: 0x1c8d (for the marketing name, search the web for "GPU Device Id")
[2020.10.15-00.52.15:836][  0]LogWindows: EnumDisplayDevices:
[2020.10.15-00.52.15:837][  0]LogWindows:    0. 'Intel(R) HD Graphics 630' (P:1 D:1)
[2020.10.15-00.52.15:837][  0]LogWindows:    1. 'Intel(R) HD Graphics 630' (P:0 D:0)
[2020.10.15-00.52.15:837][  0]LogWindows:    2. 'Intel(R) HD Graphics 630' (P:0 D:0)
[2020.10.15-00.52.15:838][  0]LogWindows: DebugString: PrimaryIsNotTheChoosenAdapter PrimaryIsNotTheChoosenAdapter PrimaryIsNotTheChoosenAdapter FoundDriverCount:0 
[2020.10.15-00.52.15:838][  0]LogD3D11RHI:     Adapter Name: NVIDIA GeForce GTX 1050
[2020.10.15-00.52.15:838][  0]LogD3D11RHI:   Driver Version: Unknown (internal:Unknown, unified:Unknown)
[2020.10.15-00.52.15:838][  0]LogD3D11RHI:      Driver Date: Unknown
[2020.10.15-00.52.15:838][  0]LogRHI: Texture pool is 1385 MB (70% of 1979 MB)
[2020.10.15-00.52.15:886][  0]LogD3D11RHI: Async texture creation enabled
[2020.10.15-00.52.15:891][  0]LogRendererCore: FGlobalReadBuffer::InitRHI
[2020.10.15-00.52.15:891][  0]LogRendererCore: FGlobalReadBuffer::InitRHI
[2020.10.15-00.52.15:891][  0]LogRendererCore: FGlobalReadBuffer::InitRHI
[2020.10.15-00.52.15:899][  0]LogD3D11RHI: GPU Timing Frequency: 1000.000000 (Debug: 2 1)
[2020.10.15-00.52.16:231][  0]LogTemp: Display: Module 'AllDesktopTargetPlatform' loaded TargetPlatform 'AllDesktop'
[2020.10.15-00.52.16:243][  0]LogTemp: Display: Module 'MacClientTargetPlatform' loaded TargetPlatform 'MacClient'
[2020.10.15-00.52.16:256][  0]LogTemp: Display: Module 'MacNoEditorTargetPlatform' loaded TargetPlatform 'MacNoEditor'
[2020.10.15-00.52.16:268][  0]LogTemp: Display: Module 'MacServerTargetPlatform' loaded TargetPlatform 'MacServer'
[2020.10.15-00.52.16:281][  0]LogTemp: Display: Module 'MacTargetPlatform' loaded TargetPlatform 'Mac'
[2020.10.15-00.52.16:293][  0]LogTemp: Display: Module 'WindowsClientTargetPlatform' loaded TargetPlatform 'WindowsClient'
[2020.10.15-00.52.16:305][  0]LogTemp: Display: Module 'WindowsNoEditorTargetPlatform' loaded TargetPlatform 'WindowsNoEditor'
[2020.10.15-00.52.16:318][  0]LogTemp: Display: Module 'WindowsServerTargetPlatform' loaded TargetPlatform 'WindowsServer'
[2020.10.15-00.52.16:323][  0]LogTemp: Display: Module 'WindowsTargetPlatform' loaded TargetPlatform 'Windows'
[2020.10.15-00.52.16:400][  0]LogTemp: Display: Module 'AndroidTargetPlatform' loaded TargetPlatform 'Android'
[2020.10.15-00.52.16:400][  0]LogTemp: Display: Module 'AndroidTargetPlatform' loaded TargetPlatform 'Android_ASTC'
[2020.10.15-00.52.16:400][  0]LogTemp: Display: Module 'AndroidTargetPlatform' loaded TargetPlatform 'Android_ATC'
[2020.10.15-00.52.16:400][  0]LogTemp: Display: Module 'AndroidTargetPlatform' loaded TargetPlatform 'Android_DXT'
[2020.10.15-00.52.16:400][  0]LogTemp: Display: Module 'AndroidTargetPlatform' loaded TargetPlatform 'Android_ETC1'
[2020.10.15-00.52.16:400][  0]LogTemp: Display: Module 'AndroidTargetPlatform' loaded TargetPlatform 'Android_ETC1a'
[2020.10.15-00.52.16:400][  0]LogTemp: Display: Module 'AndroidTargetPlatform' loaded TargetPlatform 'Android_ETC2'
[2020.10.15-00.52.16:400][  0]LogTemp: Display: Module 'AndroidTargetPlatform' loaded TargetPlatform 'Android_PVRTC'
[2020.10.15-00.52.16:400][  0]LogTemp: Display: Module 'AndroidTargetPlatform' loaded TargetPlatform 'AndroidClient'
[2020.10.15-00.52.16:400][  0]LogTemp: Display: Module 'AndroidTargetPlatform' loaded TargetPlatform 'Android_ASTCClient'
[2020.10.15-00.52.16:400][  0]LogTemp: Display: Module 'AndroidTargetPlatform' loaded TargetPlatform 'Android_ATCClient'
[2020.10.15-00.52.16:400][  0]LogTemp: Display: Module 'AndroidTargetPlatform' loaded TargetPlatform 'Android_DXTClient'
[2020.10.15-00.52.16:400][  0]LogTemp: Display: Module 'AndroidTargetPlatform' loaded TargetPlatform 'Android_ETC1Client'
[2020.10.15-00.52.16:400][  0]LogTemp: Display: Module 'AndroidTargetPlatform' loaded TargetPlatform 'Android_ETC1aClient'
[2020.10.15-00.52.16:400][  0]LogTemp: Display: Module 'AndroidTargetPlatform' loaded TargetPlatform 'Android_ETC2Client'
[2020.10.15-00.52.16:400][  0]LogTemp: Display: Module 'AndroidTargetPlatform' loaded TargetPlatform 'Android_PVRTCClient'
[2020.10.15-00.52.16:400][  0]LogTemp: Display: Module 'AndroidTargetPlatform' loaded TargetPlatform 'Android_Multi'
[2020.10.15-00.52.16:400][  0]LogTemp: Display: Module 'AndroidTargetPlatform' loaded TargetPlatform 'Android_MultiClient'
[2020.10.15-00.52.16:402][  0]LogTemp: Display: Module 'HTML5TargetPlatform' loaded TargetPlatform 'HTML5'
[2020.10.15-00.52.16:449][  0]LogTemp: Display: Module 'IOSTargetPlatform' loaded TargetPlatform 'IOSClient'
[2020.10.15-00.52.16:449][  0]LogTemp: Display: Module 'IOSTargetPlatform' loaded TargetPlatform 'IOS'
[2020.10.15-00.52.16:471][  0]LogTemp: Display: Module 'TVOSTargetPlatform' loaded TargetPlatform 'TVOSClient'
[2020.10.15-00.52.16:471][  0]LogTemp: Display: Module 'TVOSTargetPlatform' loaded TargetPlatform 'TVOS'
[2020.10.15-00.52.16:483][  0]LogTemp: Display: Module 'LinuxClientTargetPlatform' loaded TargetPlatform 'LinuxClient'
[2020.10.15-00.52.16:494][  0]LogTemp: Display: Module 'LinuxNoEditorTargetPlatform' loaded TargetPlatform 'LinuxNoEditor'
[2020.10.15-00.52.16:506][  0]LogTemp: Display: Module 'LinuxServerTargetPlatform' loaded TargetPlatform 'LinuxServer'
[2020.10.15-00.52.16:518][  0]LogTemp: Display: Module 'LinuxTargetPlatform' loaded TargetPlatform 'Linux'
[2020.10.15-00.52.16:559][  0]LogTemp: Display: Module 'LuminTargetPlatform' loaded TargetPlatform 'Lumin'
[2020.10.15-00.52.16:559][  0]LogTemp: Display: Module 'LuminTargetPlatform' loaded TargetPlatform 'LuminClient'
[2020.10.15-00.52.16:559][  0]LogTargetPlatformManager: Display: Building Assets For Windows
[2020.10.15-00.52.16:566][  0]LogAudioDebug: Display: Lib vorbis DLL was dynamically loaded.
[2020.10.15-00.52.16:599][  0]LogShaderCompilers: Guid format shader working directory is 4 characters bigger than the processId version (E:/UnrealGit/Homework3-Group/Homework3/Homework3/Intermediate/Shaders/WorkingDirectory/1800/).
[2020.10.15-00.52.16:600][  0]LogShaderCompilers: Cleaned the shader compiler working directory 'C:/Users/Cutie Cutie/AppData/Local/Temp/UnrealShaderWorkingDir/BFA386ED4E99FEEAEF0DA7904B6B47FD/'.
[2020.10.15-00.52.16:601][  0]LogXGEController: Cleaning working directory: C:/Users/Cutie Cutie/AppData/Local/Temp/UnrealXGEWorkingDir/
[2020.10.15-00.52.16:601][  0]LogXGEController: Cannot use XGE Controller as Incredibuild is not installed on this machine.
[2020.10.15-00.52.16:601][  0]LogShaderCompilers: Cannot use XGE Shader Compiler as Incredibuild is not installed on this machine.
[2020.10.15-00.52.16:601][  0]LogShaderCompilers: Display: Using Local Shader Compiler.
[2020.10.15-00.52.17:113][  0]LogDerivedDataCache: Display: Max Cache Size: 512 MB
[2020.10.15-00.52.17:173][  0]LogDerivedDataCache: Loaded boot cache 0.06s 71MB C:/Users/Cutie Cutie/AppData/Local/UnrealEngine/4.22/DerivedDataCache/Boot.ddc.
[2020.10.15-00.52.17:173][  0]LogDerivedDataCache: Display: Loaded Boot cache: C:/Users/Cutie Cutie/AppData/Local/UnrealEngine/4.22/DerivedDataCache/Boot.ddc
[2020.10.15-00.52.17:173][  0]LogDerivedDataCache: FDerivedDataBackendGraph:  Pak pak cache file E:/UnrealGit/Homework3-Group/Homework3/Homework3/DerivedDataCache/DDC.ddp not found, will not use a pak cache.
[2020.10.15-00.52.17:173][  0]LogDerivedDataCache: Unable to find inner node Pak for hierarchical cache Hierarchy.
[2020.10.15-00.52.17:173][  0]LogDerivedDataCache: FDerivedDataBackendGraph:  CompressedPak pak cache file E:/UnrealGit/Homework3-Group/Homework3/Homework3/DerivedDataCache/Compressed.ddp not found, will not use a pak cache.
[2020.10.15-00.52.17:173][  0]LogDerivedDataCache: Unable to find inner node CompressedPak for hierarchical cache Hierarchy.
[2020.10.15-00.52.17:186][  0]LogDerivedDataCache: Display: Pak cache opened for reading ../../../Engine/DerivedDataCache/Compressed.ddp.
[2020.10.15-00.52.17:186][  0]LogDerivedDataCache: FDerivedDataBackendGraph:  EnterprisePak pak cache file ../../../Enterprise/DerivedDataCache/Compressed.ddp not found, will not use a pak cache.
[2020.10.15-00.52.17:186][  0]LogDerivedDataCache: Unable to find inner node EnterprisePak for hierarchical cache Hierarchy.
[2020.10.15-00.52.17:198][  0]LogDerivedDataCache: Using Local data cache path C:/Users/Cutie Cutie/AppData/Local/UnrealEngine/Common/DerivedDataCache: Writable
[2020.10.15-00.52.17:198][  0]LogDerivedDataCache: Shared data cache path not found in *engine.ini, will not use an Shared cache.
[2020.10.15-00.52.17:198][  0]LogDerivedDataCache: Unable to find inner node Shared for hierarchical cache Hierarchy.
[2020.10.15-00.52.17:221][  0]LogMaterial: Verifying Global Shaders for PCD3D_SM5
[2020.10.15-00.52.17:222][  0]LogSlate: Using FreeType 2.6.0
[2020.10.15-00.52.17:223][  0]LogSlate: SlateFontServices - WITH_FREETYPE: 1, WITH_HARFBUZZ: 1
[2020.10.15-00.52.17:307][  0]LogAssetRegistry: FAssetRegistry took 0.0353 seconds to start up
[2020.10.15-00.52.17:616][  0]LogInit: Selected Device Profile: [Windows]
[2020.10.15-00.52.17:743][  0]LogMeshReduction: Using QuadricMeshReduction for automatic static mesh reduction
[2020.10.15-00.52.17:743][  0]LogMeshReduction: Using SimplygonMeshReduction for automatic skeletal mesh reduction
[2020.10.15-00.52.17:743][  0]LogMeshReduction: Using ProxyLODMeshReduction for automatic mesh merging
[2020.10.15-00.52.17:743][  0]LogMeshReduction: No distributed automatic mesh merging module available
[2020.10.15-00.52.17:743][  0]LogMeshMerging: No distributed automatic mesh merging module available
[2020.10.15-00.52.17:756][  0]LogNetVersion: Homework3 1.0.0, NetCL: 5660361, EngineNetVer: 10, GameNetVer: 0 (Checksum: 105737353)
[2020.10.15-00.52.18:165][  0]LogPackageLocalizationCache: Processed 10 localized package path(s) for 1 prioritized culture(s) in 0.027360 seconds
[2020.10.15-00.52.18:171][  0]LogUObjectArray: 42205 objects as part of root set at end of initial load.
[2020.10.15-00.52.18:171][  0]LogUObjectAllocator: 7325032 out of 0 bytes used by permanent object pool.
[2020.10.15-00.52.18:171][  0]LogUObjectArray: CloseDisregardForGC: 0/0 objects in disregard for GC pool
[2020.10.15-00.52.18:907][  0]LogTcpMessaging: Initializing TcpMessaging bridge
[2020.10.15-00.52.18:921][  0]LogUdpMessaging: Initializing bridge on interface 0.0.0.0:0 to multicast group 230.0.0.1:6666.
[2020.10.15-00.52.19:024][  0]SourceControl: Source control is disabled
[2020.10.15-00.52.19:024][  0]SourceControl: Source control is disabled
[2020.10.15-00.52.19:025][  0]SourceControl: Source control is disabled
[2020.10.15-00.52.19:026][  0]SourceControl: Source control is disabled
[2020.10.15-00.52.19:092][  0]LogAndroidPermission: UAndroidPermissionCallbackProxy::GetInstance
[2020.10.15-00.52.19:226][  0]LogOcInput: OculusInput pre-init called
[2020.10.15-00.52.19:883][  0]LogEngine: Initializing Engine...
[2020.10.15-00.52.19:883][  0]LogHMD: Failed to initialize OpenVR with code 110
[2020.10.15-00.52.19:884][  0]LogStats: UGameplayTagsManager::InitializeManager -  0.000 s
[2020.10.15-00.52.20:098][  0]LogInit: Initializing FReadOnlyCVARCache
[2020.10.15-00.52.20:110][  0]LogAIModule: Creating AISystem for world Untitled
[2020.10.15-00.52.20:219][  0]LogInit: XAudio2 using 'TV Monitor (Intel(R) Display Audio)' : 2 channels at 48 kHz using 16 bits per sample (channel mask 0x3)
[2020.10.15-00.52.20:256][  0]LogInit: FAudioDevice initialized.
[2020.10.15-00.52.20:257][  0]LogNetVersion: Set ProjectVersion to 1.0.0.0. Version Checksum will be recalculated on next use.
[2020.10.15-00.52.20:338][  0]LogDerivedDataCache: Saved boot cache 0.08s 71MB C:/Users/Cutie Cutie/AppData/Local/UnrealEngine/4.22/DerivedDataCache/Boot.ddc.
[2020.10.15-00.52.20:344][  0]LogInit: Texture streaming: Enabled
[2020.10.15-00.52.20:359][  0]LogEngineSessionManager: EngineSessionManager initialized
[2020.10.15-00.52.20:373][  0]LogInit: Transaction tracking system initialized
[2020.10.15-00.52.20:388][  0]BlueprintLog: New page: Editor Load
[2020.10.15-00.52.20:451][  0]LocalizationService: Localization service is disabled
[2020.10.15-00.52.20:737][  0]LogFileCache: Scanning file cache for directory 'E:/UnrealGit/Homework3-Group/Homework3/Homework3/Content/' took 0.01s
[2020.10.15-00.52.20:737][  0]LogCook: Display: Max memory allowance for cook 16384mb min free memory 0mb
[2020.10.15-00.52.20:737][  0]LogCook: Display: Mobile HDR setting 1
[2020.10.15-00.52.20:884][  0]SourceControl: Source control is disabled
[2020.10.15-00.52.20:884][  0]Cmd: MAP LOAD FILE="E:/UnrealGit/Homework3-Group/Homework3/Homework3/Content/ThirdPersonBP/Maps/ThirdPersonExampleMap.umap" TEMPLATE=0 SHOWPROGRESS=1 FEATURELEVEL=3
[2020.10.15-00.52.20:885][  0]LightingResults: New page: Lighting Build
[2020.10.15-00.52.20:887][  0]MapCheck: New page: Map Check
[2020.10.15-00.52.20:887][  0]LightingResults: New page: Lighting Build
[2020.10.15-00.52.20:913][  0]LogUObjectHash: Compacting FUObjectHashTables data took   1.85ms
[2020.10.15-00.52.21:023][  0]LogAIModule: Creating AISystem for world ThirdPersonExampleMap
[2020.10.15-00.52.21:074][  0]LogEditorServer: Finished looking for orphan Actors (0.000 secs)
[2020.10.15-00.52.21:099][  0]LogUObjectHash: Compacting FUObjectHashTables data took   1.76ms
[2020.10.15-00.52.21:099][  0]Cmd: MAP CHECKDEP NOCLEARLOG
[2020.10.15-00.52.21:100][  0]MapCheck: Map check complete: 0 Error(s), 0 Warning(s), took 0.11ms to complete.
[2020.10.15-00.52.21:100][  0]LogFileHelpers: Loading map 'ThirdPersonExampleMap' took 0.215
[2020.10.15-00.52.21:224][  0]LogSlate: Updating window title bar state: overlay mode, drag disabled, window buttons hidden, title bar hidden
[2020.10.15-00.52.21:239][  0]LogSlate: Updating window title bar state: overlay mode, drag disabled, window buttons hidden, title bar hidden
[2020.10.15-00.52.21:247][  0]LogSlate: Updating window title bar state: overlay mode, drag disabled, window buttons hidden, title bar hidden
[2020.10.15-00.52.21:260][  0]LogSlate: Updating window title bar state: overlay mode, drag disabled, window buttons hidden, title bar hidden
[2020.10.15-00.52.21:264][  0]LogCollectionManager: Loaded 0 collections in 0.000817 seconds
[2020.10.15-00.52.21:292][  0]LogFileCache: Scanning file cache for directory 'E:/UnrealGit/Homework3-Group/Homework3/Homework3/Saved/Collections/' took 0.01s
[2020.10.15-00.52.21:292][  0]LogFileCache: Scanning file cache for directory 'E:/UnrealGit/Homework3-Group/Homework3/Homework3/Content/Developers/CutieCutie/Collections/' took 0.00s
[2020.10.15-00.52.21:292][  0]LogFileCache: Scanning file cache for directory 'E:/UnrealGit/Homework3-Group/Homework3/Homework3/Content/Collections/' took 0.01s
[2020.10.15-00.52.21:292][  0]LogCollectionManager: Rebuilt the GUID cache for 0 collections in 0.000000 seconds
[2020.10.15-00.52.21:300][  0]LogContentBrowser: Native class hierarchy populated in 0.0085 seconds. Added 2732 classes and 659 folders.
[2020.10.15-00.52.21:305][  0]LogContentBrowser: Native class hierarchy updated for 'WidgetCarousel' in 0.0002 seconds. Added 0 classes and 0 folders.
[2020.10.15-00.52.21:306][  0]LogPakFile: Registered encryption key '00000000000000000000000000000000': 0 pak files mounted, 0 remain pending
[2020.10.15-00.52.21:307][  0]LogPakFile: Registered encryption key '00000000000000000000000000000000': 0 pak files mounted, 0 remain pending
[2020.10.15-00.52.21:307][  0]LogPakFile: Registered encryption key '00000000000000000000000000000000': 0 pak files mounted, 0 remain pending
[2020.10.15-00.52.21:307][  0]LogPakFile: Registered encryption key '00000000000000000000000000000000': 0 pak files mounted, 0 remain pending
[2020.10.15-00.52.21:308][  0]LogPakFile: Registered encryption key '00000000000000000000000000000000': 0 pak files mounted, 0 remain pending
[2020.10.15-00.52.21:308][  0]LogPakFile: Registered encryption key '00000000000000000000000000000000': 0 pak files mounted, 0 remain pending
[2020.10.15-00.52.21:308][  0]LogPakFile: Registered encryption key '00000000000000000000000000000000': 0 pak files mounted, 0 remain pending
[2020.10.15-00.52.21:309][  0]LogPakFile: Registered encryption key '00000000000000000000000000000000': 0 pak files mounted, 0 remain pending
[2020.10.15-00.52.21:309][  0]LogPakFile: Registered encryption key '00000000000000000000000000000000': 0 pak files mounted, 0 remain pending
[2020.10.15-00.52.21:310][  0]LogPakFile: Registered encryption key '00000000000000000000000000000000': 0 pak files mounted, 0 remain pending
[2020.10.15-00.52.21:310][  0]LogPakFile: Registered encryption key '00000000000000000000000000000000': 0 pak files mounted, 0 remain pending
[2020.10.15-00.52.21:310][  0]LogPakFile: Registered encryption key '00000000000000000000000000000000': 0 pak files mounted, 0 remain pending
[2020.10.15-00.52.21:311][  0]LogPakFile: Registered encryption key '00000000000000000000000000000000': 0 pak files mounted, 0 remain pending
[2020.10.15-00.52.21:311][  0]LogPakFile: Registered encryption key '00000000000000000000000000000000': 0 pak files mounted, 0 remain pending
[2020.10.15-00.52.21:311][  0]LogPakFile: Registered encryption key '00000000000000000000000000000000': 0 pak files mounted, 0 remain pending
[2020.10.15-00.52.21:312][  0]LogPakFile: Registered encryption key '00000000000000000000000000000000': 0 pak files mounted, 0 remain pending
[2020.10.15-00.52.21:312][  0]LogPakFile: Registered encryption key '00000000000000000000000000000000': 0 pak files mounted, 0 remain pending
[2020.10.15-00.52.21:312][  0]LogPakFile: Registered encryption key '00000000000000000000000000000000': 0 pak files mounted, 0 remain pending
[2020.10.15-00.52.21:313][  0]LogPakFile: Registered encryption key '00000000000000000000000000000000': 0 pak files mounted, 0 remain pending
[2020.10.15-00.52.21:313][  0]LogPakFile: Registered encryption key '00000000000000000000000000000000': 0 pak files mounted, 0 remain pending
[2020.10.15-00.52.21:313][  0]LogPakFile: Registered encryption key '00000000000000000000000000000000': 0 pak files mounted, 0 remain pending
[2020.10.15-00.52.21:314][  0]LogPakFile: Registered encryption key '00000000000000000000000000000000': 0 pak files mounted, 0 remain pending
[2020.10.15-00.52.21:314][  0]LogPakFile: Registered encryption key '00000000000000000000000000000000': 0 pak files mounted, 0 remain pending
[2020.10.15-00.52.21:315][  0]LogPakFile: Registered encryption key '00000000000000000000000000000000': 0 pak files mounted, 0 remain pending
[2020.10.15-00.52.21:315][  0]LogPakFile: Registered encryption key '00000000000000000000000000000000': 0 pak files mounted, 0 remain pending
[2020.10.15-00.52.21:315][  0]LogPakFile: Registered encryption key '00000000000000000000000000000000': 0 pak files mounted, 0 remain pending
[2020.10.15-00.52.21:336][  0]LogContentBrowser: Native class hierarchy updated for 'AddContentDialog' in 0.0002 seconds. Added 0 classes and 0 folders.
[2020.10.15-00.52.21:340][  0]LogContentBrowser: Native class hierarchy updated for 'SceneOutliner' in 0.0002 seconds. Added 1 classes and 2 folders.
[2020.10.15-00.52.21:387][  0]LogContentBrowser: Native class hierarchy updated for 'HierarchicalLODOutliner' in 0.0003 seconds. Added 0 classes and 0 folders.
[2020.10.15-00.52.21:387][  0]LogLoad: (Engine Initialization) Total time: 7.93 seconds
[2020.10.15-00.52.21:387][  0]LogLoad: (Engine Initialization) Total Blueprint compile time: 0.00 seconds
[2020.10.15-00.52.21:441][  0]LogAssetRegistry: Asset discovery search completed in 4.1561 seconds
[2020.10.15-00.52.21:444][  0]LogCollectionManager: Rebuilt the object cache for 0 collections in 0.000000 seconds (found 0 objects)
[2020.10.15-00.52.21:445][  0]LogCollectionManager: Fixed up redirectors for 0 collections in 0.000100 seconds (updated 0 objects)
[2020.10.15-00.52.21:446][  0]LogContentStreaming: Texture pool size now 1000 MB
[2020.10.15-00.52.21:457][  0]LogSlate: Took 0.000188 seconds to synchronously load lazily loaded font '../../../Engine/Content/Slate/Fonts/Roboto-Regular.ttf' (155K)
[2020.10.15-00.52.21:459][  0]LogSlate: Took 0.000140 seconds to synchronously load lazily loaded font '../../../Engine/Content/Slate/Fonts/Roboto-Bold.ttf' (160K)
[2020.10.15-00.52.21:465][  0]LogSlate: Took 0.000151 seconds to synchronously load lazily loaded font '../../../Engine/Content/Editor/Slate/Fonts/FontAwesome.ttf' (139K)
[2020.10.15-00.52.21:590][  2]LogRenderer: Reallocating scene render targets to support 808x520 Format 10 NumSamples 1 (Frame:1).
[2020.10.15-00.52.26:624][136]LogSlate: FSceneViewport::OnFocusLost() reason 0
[2020.10.15-00.52.26:756][140]LogTemp: Repeating last play command: Selected Viewport
[2020.10.15-00.52.26:768][140]LogBlueprintUserMessages: Early PlayInEditor Detection: Level '/Game/ThirdPersonBP/Maps/ThirdPersonExampleMap.ThirdPersonExampleMap:PersistentLevel' has LevelScriptBlueprint '/Game/ThirdPersonBP/Maps/ThirdPersonExampleMap.ThirdPersonExampleMap:PersistentLevel.ThirdPersonExampleMap' with GeneratedClass '/Game/ThirdPersonBP/Maps/ThirdPersonExampleMap.ThirdPersonExampleMap_C' with ClassGeneratedBy '/Game/ThirdPersonBP/Maps/ThirdPersonExampleMap.ThirdPersonExampleMap:PersistentLevel.ThirdPersonExampleMap'
[2020.10.15-00.52.26:769][140]LogPlayLevel: PlayLevel: No blueprints needed recompiling
[2020.10.15-00.52.26:770][140]PIE: New page: PIE session: ThirdPersonExampleMap (Oct 14, 2020, 4:52:26 PM)
[2020.10.15-00.52.26:788][140]LogPlayLevel: Creating play world package: /Game/ThirdPersonBP/Maps/UEDPIE_0_ThirdPersonExampleMap
[2020.10.15-00.52.26:834][140]LogPlayLevel: PIE: StaticDuplicateObject took: (0.044989s)
[2020.10.15-00.52.26:836][140]LogAIModule: Creating AISystem for world ThirdPersonExampleMap
[2020.10.15-00.52.26:836][140]LogPlayLevel: PIE: World Init took: (0.001743s)
[2020.10.15-00.52.26:836][140]LogPlayLevel: PIE: Created PIE world by copying editor world from /Game/ThirdPersonBP/Maps/ThirdPersonExampleMap.ThirdPersonExampleMap to /Game/ThirdPersonBP/Maps/UEDPIE_0_ThirdPersonExampleMap.ThirdPersonExampleMap (0.047577s)
[2020.10.15-00.52.26:879][140]LogUObjectHash: Compacting FUObjectHashTables data took   1.23ms
[2020.10.15-00.52.26:895][140]LogInit: XAudio2 using 'TV Monitor (Intel(R) Display Audio)' : 2 channels at 48 kHz using 16 bits per sample (channel mask 0x3)
[2020.10.15-00.52.26:902][140]LogInit: FAudioDevice initialized.
[2020.10.15-00.52.27:159][140]LogLoad: Game class is 'ThirdPersonGameMode_C'
[2020.10.15-00.52.27:161][140]LogWorld: Bringing World /Game/ThirdPersonBP/Maps/UEDPIE_0_ThirdPersonExampleMap.ThirdPersonExampleMap up for play (max tick rate 60) at 2020.10.14-20.52.27
[2020.10.15-00.52.27:161][140]LogWorld: Bringing up level for play took: 0.001022
[2020.10.15-00.52.27:177][140]LogContentBrowser: Native class hierarchy updated for 'MovieSceneCapture' in 0.0003 seconds. Added 20 classes and 0 folders.
[2020.10.15-00.52.27:180][140]PIE: Play in editor start time for /Game/ThirdPersonBP/Maps/UEDPIE_0_ThirdPersonExampleMap 0.128
[2020.10.15-00.52.27:180][140]LogBlueprintUserMessages: Late PlayInEditor Detection: Level '/Game/ThirdPersonBP/Maps/ThirdPersonExampleMap.ThirdPersonExampleMap:PersistentLevel' has LevelScriptBlueprint '/Game/ThirdPersonBP/Maps/ThirdPersonExampleMap.ThirdPersonExampleMap:PersistentLevel.ThirdPersonExampleMap' with GeneratedClass '/Game/ThirdPersonBP/Maps/ThirdPersonExampleMap.ThirdPersonExampleMap_C' with ClassGeneratedBy '/Game/ThirdPersonBP/Maps/ThirdPersonExampleMap.ThirdPersonExampleMap:PersistentLevel.ThirdPersonExampleMap'
[2020.10.15-00.52.30:450][237]LogBlueprintUserMessages: Early EndPlayMap Detection: Level '/Game/ThirdPersonBP/Maps/ThirdPersonExampleMap.ThirdPersonExampleMap:PersistentLevel' has LevelScriptBlueprint '/Game/ThirdPersonBP/Maps/ThirdPersonExampleMap.ThirdPersonExampleMap:PersistentLevel.ThirdPersonExampleMap' with GeneratedClass '/Game/ThirdPersonBP/Maps/ThirdPersonExampleMap.ThirdPersonExampleMap_C' with ClassGeneratedBy '/Game/ThirdPersonBP/Maps/ThirdPersonExampleMap.ThirdPersonExampleMap:PersistentLevel.ThirdPersonExampleMap'
[2020.10.15-00.52.30:453][237]LogSlate: Updating window title bar state: overlay mode, drag disabled, window buttons hidden, title bar hidden
[2020.10.15-00.52.30:524][237]LogPlayLevel: Display: Shutting down PIE online subsystems
[2020.10.15-00.52.30:525][237]LogBlueprintUserMessages: Late EndPlayMap Detection: Level '/Game/ThirdPersonBP/Maps/ThirdPersonExampleMap.ThirdPersonExampleMap:PersistentLevel' has LevelScriptBlueprint '/Game/ThirdPersonBP/Maps/ThirdPersonExampleMap.ThirdPersonExampleMap:PersistentLevel.ThirdPersonExampleMap' with GeneratedClass '/Game/ThirdPersonBP/Maps/ThirdPersonExampleMap.ThirdPersonExampleMap_C' with ClassGeneratedBy '/Game/ThirdPersonBP/Maps/ThirdPersonExampleMap.ThirdPersonExampleMap:PersistentLevel.ThirdPersonExampleMap'
[2020.10.15-00.52.30:563][237]LogSlate: Updating window title bar state: overlay mode, drag disabled, window buttons hidden, title bar hidden
[2020.10.15-00.52.30:579][237]LogUObjectHash: Compacting FUObjectHashTables data took   2.17ms
[2020.10.15-00.52.30:609][238]LogPlayLevel: Display: Destroying online subsystem :Context_1
[2020.10.15-00.52.33:350][321]LogSlate: FSceneViewport::OnFocusLost() reason 0
[2020.10.15-00.52.36:122][402]LogSlate: Took 0.000208 seconds to synchronously load lazily loaded font '../../../Engine/Content/Slate/Fonts/Roboto-Light.ttf' (167K)
[2020.10.15-00.52.36:452][408]LogScript: Warning: Accessed None trying to read property CallFunc_TryGetPawnOwner_ReturnValue1
	AnimBP_TPS_C /Engine/Transient.World_5:PersistentLevel.SkeletalMeshActor_0.SkeletalMeshComponent0.AnimBP_TPS_C_0
	Function /Game/TPS/AnimBP_TPS.AnimBP_TPS_C:ExecuteUbergraph_AnimBP_TPS:0554
[2020.10.15-00.52.36:452][408]LogScript: Warning: Accessed None trying to read property CallFunc_TryGetPawnOwner_ReturnValue1
	AnimBP_TPS_C /Engine/Transient.World_5:PersistentLevel.SkeletalMeshActor_0.SkeletalMeshComponent0.AnimBP_TPS_C_0
	Function /Game/TPS/AnimBP_TPS.AnimBP_TPS_C:ExecuteUbergraph_AnimBP_TPS:0586
[2020.10.15-00.52.36:452][408]LogScript: Warning: Accessed None trying to read property CallFunc_TryGetPawnOwner_ReturnValue1
	AnimBP_TPS_C /Engine/Transient.World_5:PersistentLevel.SkeletalMeshActor_0.SkeletalMeshComponent0.AnimBP_TPS_C_0
	Function /Game/TPS/AnimBP_TPS.AnimBP_TPS_C:ExecuteUbergraph_AnimBP_TPS:061F
[2020.10.15-00.52.37:827][441]LogSlate: Took 0.000652 seconds to synchronously load lazily loaded font '../../../Engine/Content/Slate/Fonts/Roboto-Light.ttf' (167K)
[2020.10.15-00.52.37:856][441]LogAssetEditorManager: Opening Asset editor for Blueprint /Game/TPS/BP_TPS.BP_TPS
[2020.10.15-00.52.38:230][441]LogContentBrowser: Native class hierarchy updated for 'BlueprintGraph' in 0.0005 seconds. Added 121 classes and 0 folders.
[2020.10.15-00.52.39:078][441]LogSlate: Took 0.001098 seconds to synchronously load lazily loaded font '../../../Engine/Content/Slate/Fonts/Roboto-BoldCondensed.ttf' (158K)
[2020.10.15-00.52.39:260][442]LogSlate: Took 0.001241 seconds to synchronously load lazily loaded font '../../../Engine/Content/Slate/Fonts/Roboto-Italic.ttf' (157K)
[2020.10.15-00.52.53:237][809]BlueprintLog: New page: Compile BP_TPS
[2020.10.15-00.52.53:463][809]LogScript: Warning: Accessed None trying to read property CallFunc_TryGetPawnOwner_ReturnValue1
	AnimBP_TPS_C /Engine/Transient.World_5:PersistentLevel.SkeletalMeshActor_0.SkeletalMeshComponent0.AnimBP_TPS_C_1
	Function /Game/TPS/AnimBP_TPS.AnimBP_TPS_C:ExecuteUbergraph_AnimBP_TPS:0554
[2020.10.15-00.52.53:463][809]LogScript: Warning: Accessed None trying to read property CallFunc_TryGetPawnOwner_ReturnValue1
	AnimBP_TPS_C /Engine/Transient.World_5:PersistentLevel.SkeletalMeshActor_0.SkeletalMeshComponent0.AnimBP_TPS_C_1
	Function /Game/TPS/AnimBP_TPS.AnimBP_TPS_C:ExecuteUbergraph_AnimBP_TPS:0586
[2020.10.15-00.52.53:463][809]LogScript: Warning: Accessed None trying to read property CallFunc_TryGetPawnOwner_ReturnValue1
	AnimBP_TPS_C /Engine/Transient.World_5:PersistentLevel.SkeletalMeshActor_0.SkeletalMeshComponent0.AnimBP_TPS_C_1
	Function /Game/TPS/AnimBP_TPS.AnimBP_TPS_C:ExecuteUbergraph_AnimBP_TPS:061F
[2020.10.15-00.52.53:504][809]LogUObjectHash: Compacting FUObjectHashTables data took   3.43ms
[2020.10.15-00.52.56:485][883]Cmd: OBJ SAVEPACKAGE PACKAGE="/Game/TPS/BP_TPS" FILE="E:/UnrealGit/Homework3-Group/Homework3/Homework3/Content/TPS/BP_TPS.uasset" SILENT=true
[2020.10.15-00.52.56:571][883]LogSavePackage: Moving 'E:/UnrealGit/Homework3-Group/Homework3/Homework3/Saved/BP_TPSB188D32640271DC012CBE3B46531EA87.tmp' to 'E:/UnrealGit/Homework3-Group/Homework3/Homework3/Content/TPS/BP_TPS.uasset'
[2020.10.15-00.53.04:425][ 98]BlueprintLog: New page: Compile BP_TPS
[2020.10.15-00.53.04:675][ 98]LogScript: Warning: Accessed None trying to read property CallFunc_TryGetPawnOwner_ReturnValue1
	AnimBP_TPS_C /Engine/Transient.World_5:PersistentLevel.SkeletalMeshActor_0.SkeletalMeshComponent0.AnimBP_TPS_C_2
	Function /Game/TPS/AnimBP_TPS.AnimBP_TPS_C:ExecuteUbergraph_AnimBP_TPS:0554
[2020.10.15-00.53.04:675][ 98]LogScript: Warning: Accessed None trying to read property CallFunc_TryGetPawnOwner_ReturnValue1
	AnimBP_TPS_C /Engine/Transient.World_5:PersistentLevel.SkeletalMeshActor_0.SkeletalMeshComponent0.AnimBP_TPS_C_2
	Function /Game/TPS/AnimBP_TPS.AnimBP_TPS_C:ExecuteUbergraph_AnimBP_TPS:0586
[2020.10.15-00.53.04:675][ 98]LogScript: Warning: Accessed None trying to read property CallFunc_TryGetPawnOwner_ReturnValue1
	AnimBP_TPS_C /Engine/Transient.World_5:PersistentLevel.SkeletalMeshActor_0.SkeletalMeshComponent0.AnimBP_TPS_C_2
	Function /Game/TPS/AnimBP_TPS.AnimBP_TPS_C:ExecuteUbergraph_AnimBP_TPS:061F
[2020.10.15-00.53.04:709][ 98]LogUObjectHash: Compacting FUObjectHashTables data took   3.36ms
[2020.10.15-00.53.05:284][108]Cmd: OBJ SAVEPACKAGE PACKAGE="/Game/TPS/BP_TPS" FILE="E:/UnrealGit/Homework3-Group/Homework3/Homework3/Content/TPS/BP_TPS.uasset" SILENT=true
[2020.10.15-00.53.05:367][108]LogSavePackage: Moving 'E:/UnrealGit/Homework3-Group/Homework3/Homework3/Saved/BP_TPS4B4DD1E0447AB579B9DA4CBAECED5A8C.tmp' to 'E:/UnrealGit/Homework3-Group/Homework3/Homework3/Content/TPS/BP_TPS.uasset'
[2020.10.15-00.53.08:381][191]LogSlate: Window 'BP_TPS' being destroyed
[2020.10.15-00.53.10:159][246]LogTemp: Repeating last play command: Selected Viewport
[2020.10.15-00.53.10:185][246]LogBlueprintUserMessages: Early PlayInEditor Detection: Level '/Game/ThirdPersonBP/Maps/ThirdPersonExampleMap.ThirdPersonExampleMap:PersistentLevel' has LevelScriptBlueprint '/Game/ThirdPersonBP/Maps/ThirdPersonExampleMap.ThirdPersonExampleMap:PersistentLevel.ThirdPersonExampleMap' with GeneratedClass '/Game/ThirdPersonBP/Maps/ThirdPersonExampleMap.ThirdPersonExampleMap_C' with ClassGeneratedBy '/Game/ThirdPersonBP/Maps/ThirdPersonExampleMap.ThirdPersonExampleMap:PersistentLevel.ThirdPersonExampleMap'
[2020.10.15-00.53.10:185][246]LogPlayLevel: PlayLevel: No blueprints needed recompiling
[2020.10.15-00.53.10:185][246]PIE: New page: PIE session: ThirdPersonExampleMap (Oct 14, 2020, 4:53:10 PM)
[2020.10.15-00.53.10:186][246]LogPlayLevel: Creating play world package: /Game/ThirdPersonBP/Maps/UEDPIE_0_ThirdPersonExampleMap
[2020.10.15-00.53.10:222][246]LogPlayLevel: PIE: StaticDuplicateObject took: (0.036807s)
[2020.10.15-00.53.10:225][246]LogAIModule: Creating AISystem for world ThirdPersonExampleMap
[2020.10.15-00.53.10:227][246]LogPlayLevel: PIE: World Init took: (0.004709s)
[2020.10.15-00.53.10:227][246]LogPlayLevel: PIE: Created PIE world by copying editor world from /Game/ThirdPersonBP/Maps/ThirdPersonExampleMap.ThirdPersonExampleMap to /Game/ThirdPersonBP/Maps/UEDPIE_0_ThirdPersonExampleMap.ThirdPersonExampleMap (0.042580s)
[2020.10.15-00.53.10:294][246]LogUObjectHash: Compacting FUObjectHashTables data took   3.20ms
[2020.10.15-00.53.10:309][246]LogInit: XAudio2 using 'TV Monitor (Intel(R) Display Audio)' : 2 channels at 48 kHz using 16 bits per sample (channel mask 0x3)
[2020.10.15-00.53.10:315][246]LogInit: FAudioDevice initialized.
[2020.10.15-00.53.10:346][246]LogLoad: Game class is 'ThirdPersonGameMode_C'
[2020.10.15-00.53.10:348][246]LogWorld: Bringing World /Game/ThirdPersonBP/Maps/UEDPIE_0_ThirdPersonExampleMap.ThirdPersonExampleMap up for play (max tick rate 60) at 2020.10.14-20.53.10
[2020.10.15-00.53.10:348][246]LogWorld: Bringing up level for play took: 0.000862
[2020.10.15-00.53.10:363][246]PIE: Play in editor start time for /Game/ThirdPersonBP/Maps/UEDPIE_0_ThirdPersonExampleMap -0.69
[2020.10.15-00.53.10:363][246]LogBlueprintUserMessages: Late PlayInEditor Detection: Level '/Game/ThirdPersonBP/Maps/ThirdPersonExampleMap.ThirdPersonExampleMap:PersistentLevel' has LevelScriptBlueprint '/Game/ThirdPersonBP/Maps/ThirdPersonExampleMap.ThirdPersonExampleMap:PersistentLevel.ThirdPersonExampleMap' with GeneratedClass '/Game/ThirdPersonBP/Maps/ThirdPersonExampleMap.ThirdPersonExampleMap_C' with ClassGeneratedBy '/Game/ThirdPersonBP/Maps/ThirdPersonExampleMap.ThirdPersonExampleMap:PersistentLevel.ThirdPersonExampleMap'
[2020.10.15-00.53.25:513][698]LogBlueprintUserMessages: Early EndPlayMap Detection: Level '/Game/ThirdPersonBP/Maps/ThirdPersonExampleMap.ThirdPersonExampleMap:PersistentLevel' has LevelScriptBlueprint '/Game/ThirdPersonBP/Maps/ThirdPersonExampleMap.ThirdPersonExampleMap:PersistentLevel.ThirdPersonExampleMap' with GeneratedClass '/Game/ThirdPersonBP/Maps/ThirdPersonExampleMap.ThirdPersonExampleMap_C' with ClassGeneratedBy '/Game/ThirdPersonBP/Maps/ThirdPersonExampleMap.ThirdPersonExampleMap:PersistentLevel.ThirdPersonExampleMap'
[2020.10.15-00.53.25:515][698]LogSlate: Updating window title bar state: overlay mode, drag disabled, window buttons hidden, title bar hidden
[2020.10.15-00.53.25:588][698]LogPlayLevel: Display: Shutting down PIE online subsystems
[2020.10.15-00.53.25:588][698]LogBlueprintUserMessages: Late EndPlayMap Detection: Level '/Game/ThirdPersonBP/Maps/ThirdPersonExampleMap.ThirdPersonExampleMap:PersistentLevel' has LevelScriptBlueprint '/Game/ThirdPersonBP/Maps/ThirdPersonExampleMap.ThirdPersonExampleMap:PersistentLevel.ThirdPersonExampleMap' with GeneratedClass '/Game/ThirdPersonBP/Maps/ThirdPersonExampleMap.ThirdPersonExampleMap_C' with ClassGeneratedBy '/Game/ThirdPersonBP/Maps/ThirdPersonExampleMap.ThirdPersonExampleMap:PersistentLevel.ThirdPersonExampleMap'
[2020.10.15-00.53.25:646][698]LogSlate: Updating window title bar state: overlay mode, drag disabled, window buttons hidden, title bar hidden
[2020.10.15-00.53.25:650][698]LogUObjectHash: Compacting FUObjectHashTables data took   2.03ms
[2020.10.15-00.53.25:673][699]LogPlayLevel: Display: Destroying online subsystem :Context_9
[2020.10.15-00.53.28:889][796]LogSlate: FSceneViewport::OnFocusLost() reason 2
[2020.10.15-00.53.30:532][842]LogUObjectHash: Compacting FUObjectHashTables data took   3.55ms
[2020.10.15-00.53.32:019][889]LogSlate: FSceneViewport::OnFocusLost() reason 0
[2020.10.15-00.53.41:900][191]LogTemp: Repeating last play command: Selected Viewport
[2020.10.15-00.53.41:920][191]LogBlueprintUserMessages: Early PlayInEditor Detection: Level '/Game/ThirdPersonBP/Maps/ThirdPersonExampleMap.ThirdPersonExampleMap:PersistentLevel' has LevelScriptBlueprint '/Game/ThirdPersonBP/Maps/ThirdPersonExampleMap.ThirdPersonExampleMap:PersistentLevel.ThirdPersonExampleMap' with GeneratedClass '/Game/ThirdPersonBP/Maps/ThirdPersonExampleMap.ThirdPersonExampleMap_C' with ClassGeneratedBy '/Game/ThirdPersonBP/Maps/ThirdPersonExampleMap.ThirdPersonExampleMap:PersistentLevel.ThirdPersonExampleMap'
[2020.10.15-00.53.41:920][191]LogPlayLevel: PlayLevel: No blueprints needed recompiling
[2020.10.15-00.53.41:921][191]PIE: New page: PIE session: ThirdPersonExampleMap (Oct 14, 2020, 4:53:41 PM)
[2020.10.15-00.53.41:921][191]LogPlayLevel: Creating play world package: /Game/ThirdPersonBP/Maps/UEDPIE_0_ThirdPersonExampleMap
[2020.10.15-00.53.41:959][191]LogPlayLevel: PIE: StaticDuplicateObject took: (0.037671s)
[2020.10.15-00.53.41:963][191]LogAIModule: Creating AISystem for world ThirdPersonExampleMap
[2020.10.15-00.53.41:964][191]LogPlayLevel: PIE: World Init took: (0.004659s)
[2020.10.15-00.53.41:964][191]LogPlayLevel: PIE: Created PIE world by copying editor world from /Game/ThirdPersonBP/Maps/ThirdPersonExampleMap.ThirdPersonExampleMap to /Game/ThirdPersonBP/Maps/UEDPIE_0_ThirdPersonExampleMap.ThirdPersonExampleMap (0.043003s)
[2020.10.15-00.53.42:037][191]LogUObjectHash: Compacting FUObjectHashTables data took   1.88ms
[2020.10.15-00.53.42:054][191]LogInit: XAudio2 using 'TV Monitor (Intel(R) Display Audio)' : 2 channels at 48 kHz using 16 bits per sample (channel mask 0x3)
[2020.10.15-00.53.42:061][191]LogInit: FAudioDevice initialized.
[2020.10.15-00.53.42:093][191]LogLoad: Game class is 'ThirdPersonGameMode_C'
[2020.10.15-00.53.42:095][191]LogWorld: Bringing World /Game/ThirdPersonBP/Maps/UEDPIE_0_ThirdPersonExampleMap.ThirdPersonExampleMap up for play (max tick rate 60) at 2020.10.14-20.53.42
[2020.10.15-00.53.42:095][191]LogWorld: Bringing up level for play took: 0.001042
[2020.10.15-00.53.42:109][191]PIE: Play in editor start time for /Game/ThirdPersonBP/Maps/UEDPIE_0_ThirdPersonExampleMap 1.057
[2020.10.15-00.53.42:109][191]LogBlueprintUserMessages: Late PlayInEditor Detection: Level '/Game/ThirdPersonBP/Maps/ThirdPersonExampleMap.ThirdPersonExampleMap:PersistentLevel' has LevelScriptBlueprint '/Game/ThirdPersonBP/Maps/ThirdPersonExampleMap.ThirdPersonExampleMap:PersistentLevel.ThirdPersonExampleMap' with GeneratedClass '/Game/ThirdPersonBP/Maps/ThirdPersonExampleMap.ThirdPersonExampleMap_C' with ClassGeneratedBy '/Game/ThirdPersonBP/Maps/ThirdPersonExampleMap.ThirdPersonExampleMap:PersistentLevel.ThirdPersonExampleMap'
[2020.10.15-00.54.03:633][838]LogBlueprintUserMessages: Early EndPlayMap Detection: Level '/Game/ThirdPersonBP/Maps/ThirdPersonExampleMap.ThirdPersonExampleMap:PersistentLevel' has LevelScriptBlueprint '/Game/ThirdPersonBP/Maps/ThirdPersonExampleMap.ThirdPersonExampleMap:PersistentLevel.ThirdPersonExampleMap' with GeneratedClass '/Game/ThirdPersonBP/Maps/ThirdPersonExampleMap.ThirdPersonExampleMap_C' with ClassGeneratedBy '/Game/ThirdPersonBP/Maps/ThirdPersonExampleMap.ThirdPersonExampleMap:PersistentLevel.ThirdPersonExampleMap'
[2020.10.15-00.54.03:635][838]LogSlate: Updating window title bar state: overlay mode, drag disabled, window buttons hidden, title bar hidden
[2020.10.15-00.54.03:705][838]LogPlayLevel: Display: Shutting down PIE online subsystems
[2020.10.15-00.54.03:706][838]LogBlueprintUserMessages: Late EndPlayMap Detection: Level '/Game/ThirdPersonBP/Maps/ThirdPersonExampleMap.ThirdPersonExampleMap:PersistentLevel' has LevelScriptBlueprint '/Game/ThirdPersonBP/Maps/ThirdPersonExampleMap.ThirdPersonExampleMap:PersistentLevel.ThirdPersonExampleMap' with GeneratedClass '/Game/ThirdPersonBP/Maps/ThirdPersonExampleMap.ThirdPersonExampleMap_C' with ClassGeneratedBy '/Game/ThirdPersonBP/Maps/ThirdPersonExampleMap.ThirdPersonExampleMap:PersistentLevel.ThirdPersonExampleMap'
[2020.10.15-00.54.03:755][838]LogSlate: Updating window title bar state: overlay mode, drag disabled, window buttons hidden, title bar hidden
[2020.10.15-00.54.03:759][838]LogUObjectHash: Compacting FUObjectHashTables data took   1.79ms
[2020.10.15-00.54.03:785][839]LogPlayLevel: Display: Destroying online subsystem :Context_10
[2020.10.15-00.54.09:651][ 14]LogSlate: FSceneViewport::OnFocusLost() reason 0
[2020.10.15-00.54.13:352][117]LogEditorViewport: Clicking on Actor (LMB): StaticMeshActor (Cube)
[2020.10.15-00.54.17:071][225]LogSlate: FSceneViewport::OnFocusLost() reason 0
[2020.10.15-00.54.17:221][229]LogTemp: Repeating last play command: Selected Viewport
[2020.10.15-00.54.17:248][229]LogBlueprintUserMessages: Early PlayInEditor Detection: Level '/Game/ThirdPersonBP/Maps/ThirdPersonExampleMap.ThirdPersonExampleMap:PersistentLevel' has LevelScriptBlueprint '/Game/ThirdPersonBP/Maps/ThirdPersonExampleMap.ThirdPersonExampleMap:PersistentLevel.ThirdPersonExampleMap' with GeneratedClass '/Game/ThirdPersonBP/Maps/ThirdPersonExampleMap.ThirdPersonExampleMap_C' with ClassGeneratedBy '/Game/ThirdPersonBP/Maps/ThirdPersonExampleMap.ThirdPersonExampleMap:PersistentLevel.ThirdPersonExampleMap'
[2020.10.15-00.54.17:248][229]LogPlayLevel: PlayLevel: No blueprints needed recompiling
[2020.10.15-00.54.17:249][229]PIE: New page: PIE session: ThirdPersonExampleMap (Oct 14, 2020, 4:54:17 PM)
[2020.10.15-00.54.17:249][229]LogPlayLevel: Creating play world package: /Game/ThirdPersonBP/Maps/UEDPIE_0_ThirdPersonExampleMap
[2020.10.15-00.54.17:284][229]LogPlayLevel: PIE: StaticDuplicateObject took: (0.034510s)
[2020.10.15-00.54.17:286][229]LogAIModule: Creating AISystem for world ThirdPersonExampleMap
[2020.10.15-00.54.17:287][229]LogPlayLevel: PIE: World Init took: (0.003186s)
[2020.10.15-00.54.17:287][229]LogPlayLevel: PIE: Created PIE world by copying editor world from /Game/ThirdPersonBP/Maps/ThirdPersonExampleMap.ThirdPersonExampleMap to /Game/ThirdPersonBP/Maps/UEDPIE_0_ThirdPersonExampleMap.ThirdPersonExampleMap (0.038381s)
[2020.10.15-00.54.17:354][229]LogUObjectHash: Compacting FUObjectHashTables data took   1.90ms
[2020.10.15-00.54.17:370][229]LogInit: XAudio2 using 'TV Monitor (Intel(R) Display Audio)' : 2 channels at 48 kHz using 16 bits per sample (channel mask 0x3)
[2020.10.15-00.54.17:377][229]LogInit: FAudioDevice initialized.
[2020.10.15-00.54.17:407][229]LogLoad: Game class is 'ThirdPersonGameMode_C'
[2020.10.15-00.54.17:409][229]LogWorld: Bringing World /Game/ThirdPersonBP/Maps/UEDPIE_0_ThirdPersonExampleMap.ThirdPersonExampleMap up for play (max tick rate 60) at 2020.10.14-20.54.17
[2020.10.15-00.54.17:409][229]LogWorld: Bringing up level for play took: 0.001030
[2020.10.15-00.54.17:423][229]PIE: Play in editor start time for /Game/ThirdPersonBP/Maps/UEDPIE_0_ThirdPersonExampleMap 0.371
[2020.10.15-00.54.17:423][229]LogBlueprintUserMessages: Late PlayInEditor Detection: Level '/Game/ThirdPersonBP/Maps/ThirdPersonExampleMap.ThirdPersonExampleMap:PersistentLevel' has LevelScriptBlueprint '/Game/ThirdPersonBP/Maps/ThirdPersonExampleMap.ThirdPersonExampleMap:PersistentLevel.ThirdPersonExampleMap' with GeneratedClass '/Game/ThirdPersonBP/Maps/ThirdPersonExampleMap.ThirdPersonExampleMap_C' with ClassGeneratedBy '/Game/ThirdPersonBP/Maps/ThirdPersonExampleMap.ThirdPersonExampleMap:PersistentLevel.ThirdPersonExampleMap'
[2020.10.15-00.54.29:378][577]LogBlueprintUserMessages: Early EndPlayMap Detection: Level '/Game/ThirdPersonBP/Maps/ThirdPersonExampleMap.ThirdPersonExampleMap:PersistentLevel' has LevelScriptBlueprint '/Game/ThirdPersonBP/Maps/ThirdPersonExampleMap.ThirdPersonExampleMap:PersistentLevel.ThirdPersonExampleMap' with GeneratedClass '/Game/ThirdPersonBP/Maps/ThirdPersonExampleMap.ThirdPersonExampleMap_C' with ClassGeneratedBy '/Game/ThirdPersonBP/Maps/ThirdPersonExampleMap.ThirdPersonExampleMap:PersistentLevel.ThirdPersonExampleMap'
[2020.10.15-00.54.29:379][577]LogSlate: Updating window title bar state: overlay mode, drag disabled, window buttons hidden, title bar hidden
[2020.10.15-00.54.29:450][577]LogPlayLevel: Display: Shutting down PIE online subsystems
[2020.10.15-00.54.29:451][577]LogBlueprintUserMessages: Late EndPlayMap Detection: Level '/Game/ThirdPersonBP/Maps/ThirdPersonExampleMap.ThirdPersonExampleMap:PersistentLevel' has LevelScriptBlueprint '/Game/ThirdPersonBP/Maps/ThirdPersonExampleMap.ThirdPersonExampleMap:PersistentLevel.ThirdPersonExampleMap' with GeneratedClass '/Game/ThirdPersonBP/Maps/ThirdPersonExampleMap.ThirdPersonExampleMap_C' with ClassGeneratedBy '/Game/ThirdPersonBP/Maps/ThirdPersonExampleMap.ThirdPersonExampleMap:PersistentLevel.ThirdPersonExampleMap'
[2020.10.15-00.54.29:512][577]LogSlate: Updating window title bar state: overlay mode, drag disabled, window buttons hidden, title bar hidden
[2020.10.15-00.54.29:516][577]LogUObjectHash: Compacting FUObjectHashTables data took   1.66ms
[2020.10.15-00.54.29:529][578]LogPlayLevel: Display: Destroying online subsystem :Context_11
[2020.10.15-00.54.30:582][610]LogEditorViewport: Clicking on Actor (LMB): StaticMeshActor (Cube)
[2020.10.15-00.54.39:349][860]LogSlate: FSceneViewport::OnFocusLost() reason 0
[2020.10.15-00.54.39:454][863]LogTemp: Repeating last play command: Selected Viewport
[2020.10.15-00.54.39:486][863]LogBlueprintUserMessages: Early PlayInEditor Detection: Level '/Game/ThirdPersonBP/Maps/ThirdPersonExampleMap.ThirdPersonExampleMap:PersistentLevel' has LevelScriptBlueprint '/Game/ThirdPersonBP/Maps/ThirdPersonExampleMap.ThirdPersonExampleMap:PersistentLevel.ThirdPersonExampleMap' with GeneratedClass '/Game/ThirdPersonBP/Maps/ThirdPersonExampleMap.ThirdPersonExampleMap_C' with ClassGeneratedBy '/Game/ThirdPersonBP/Maps/ThirdPersonExampleMap.ThirdPersonExampleMap:PersistentLevel.ThirdPersonExampleMap'
[2020.10.15-00.54.39:486][863]LogPlayLevel: PlayLevel: No blueprints needed recompiling
[2020.10.15-00.54.39:487][863]PIE: New page: PIE session: ThirdPersonExampleMap (Oct 14, 2020, 4:54:39 PM)
[2020.10.15-00.54.39:487][863]LogPlayLevel: Creating play world package: /Game/ThirdPersonBP/Maps/UEDPIE_0_ThirdPersonExampleMap
[2020.10.15-00.54.39:528][863]LogPlayLevel: PIE: StaticDuplicateObject took: (0.040408s)
[2020.10.15-00.54.39:529][863]LogAIModule: Creating AISystem for world ThirdPersonExampleMap
[2020.10.15-00.54.39:530][863]LogPlayLevel: PIE: World Init took: (0.001622s)
[2020.10.15-00.54.39:530][863]LogPlayLevel: PIE: Created PIE world by copying editor world from /Game/ThirdPersonBP/Maps/ThirdPersonExampleMap.ThirdPersonExampleMap to /Game/ThirdPersonBP/Maps/UEDPIE_0_ThirdPersonExampleMap.ThirdPersonExampleMap (0.042638s)
[2020.10.15-00.54.39:591][863]LogUObjectHash: Compacting FUObjectHashTables data took   3.09ms
[2020.10.15-00.54.39:610][863]LogInit: XAudio2 using 'TV Monitor (Intel(R) Display Audio)' : 2 channels at 48 kHz using 16 bits per sample (channel mask 0x3)
[2020.10.15-00.54.39:616][863]LogInit: FAudioDevice initialized.
[2020.10.15-00.54.39:646][863]LogLoad: Game class is 'ThirdPersonGameMode_C'
[2020.10.15-00.54.39:646][863]LogWorld: Bringing World /Game/ThirdPersonBP/Maps/UEDPIE_0_ThirdPersonExampleMap.ThirdPersonExampleMap up for play (max tick rate 60) at 2020.10.14-20.54.39
[2020.10.15-00.54.39:647][863]LogWorld: Bringing up level for play took: 0.000842
[2020.10.15-00.54.39:661][863]PIE: Play in editor start time for /Game/ThirdPersonBP/Maps/UEDPIE_0_ThirdPersonExampleMap 0.608
[2020.10.15-00.54.39:661][863]LogBlueprintUserMessages: Late PlayInEditor Detection: Level '/Game/ThirdPersonBP/Maps/ThirdPersonExampleMap.ThirdPersonExampleMap:PersistentLevel' has LevelScriptBlueprint '/Game/ThirdPersonBP/Maps/ThirdPersonExampleMap.ThirdPersonExampleMap:PersistentLevel.ThirdPersonExampleMap' with GeneratedClass '/Game/ThirdPersonBP/Maps/ThirdPersonExampleMap.ThirdPersonExampleMap_C' with ClassGeneratedBy '/Game/ThirdPersonBP/Maps/ThirdPersonExampleMap.ThirdPersonExampleMap:PersistentLevel.ThirdPersonExampleMap'
[2020.10.15-00.54.50:101][177]LogBlueprintUserMessages: Early EndPlayMap Detection: Level '/Game/ThirdPersonBP/Maps/ThirdPersonExampleMap.ThirdPersonExampleMap:PersistentLevel' has LevelScriptBlueprint '/Game/ThirdPersonBP/Maps/ThirdPersonExampleMap.ThirdPersonExampleMap:PersistentLevel.ThirdPersonExampleMap' with GeneratedClass '/Game/ThirdPersonBP/Maps/ThirdPersonExampleMap.ThirdPersonExampleMap_C' with ClassGeneratedBy '/Game/ThirdPersonBP/Maps/ThirdPersonExampleMap.ThirdPersonExampleMap:PersistentLevel.ThirdPersonExampleMap'
[2020.10.15-00.54.50:103][177]LogSlate: Updating window title bar state: overlay mode, drag disabled, window buttons hidden, title bar hidden
[2020.10.15-00.54.50:171][177]LogPlayLevel: Display: Shutting down PIE online subsystems
[2020.10.15-00.54.50:171][177]LogBlueprintUserMessages: Late EndPlayMap Detection: Level '/Game/ThirdPersonBP/Maps/ThirdPersonExampleMap.ThirdPersonExampleMap:PersistentLevel' has LevelScriptBlueprint '/Game/ThirdPersonBP/Maps/ThirdPersonExampleMap.ThirdPersonExampleMap:PersistentLevel.ThirdPersonExampleMap' with GeneratedClass '/Game/ThirdPersonBP/Maps/ThirdPersonExampleMap.ThirdPersonExampleMap_C' with ClassGeneratedBy '/Game/ThirdPersonBP/Maps/ThirdPersonExampleMap.ThirdPersonExampleMap:PersistentLevel.ThirdPersonExampleMap'
[2020.10.15-00.54.50:230][177]LogSlate: Updating window title bar state: overlay mode, drag disabled, window buttons hidden, title bar hidden
[2020.10.15-00.54.50:234][177]LogUObjectHash: Compacting FUObjectHashTables data took   1.69ms
[2020.10.15-00.54.50:264][178]LogPlayLevel: Display: Destroying online subsystem :Context_12
[2020.10.15-00.54.52:341][236]LogSlate: FSceneViewport::OnFocusLost() reason 2
[2020.10.15-00.54.55:617][324]LogUObjectHash: Compacting FUObjectHashTables data took   3.62ms
[2020.10.15-00.54.55:629][324]LogSlate: FSceneViewport::OnFocusLost() reason 2
[2020.10.15-00.54.55:701][324]LogUObjectHash: Compacting FUObjectHashTables data took   0.71ms
[2020.10.15-00.54.55:865][324]LogSavePackage: Moving 'E:/UnrealGit/Homework3-Group/Homework3/Homework3/Saved/ThirdPersonExampleMap28E0F8C1487F3844F6D16C9526831AC0.tmp' to 'E:/UnrealGit/Homework3-Group/Homework3/Homework3/Content/ThirdPersonBP/Maps/ThirdPersonExampleMap.umap'
[2020.10.15-00.54.55:880][324]LogFileHelpers: Saving map 'ThirdPersonExampleMap' took 0.215
